09-05-2014 10:28:52 [main] INFO  c.e.xeros.ldcs.AppConfiguration - loading config from [ldcs.properties]
09-05-2014 10:28:52 [main] INFO  com.elyxor.xeros.ldcs.FileWatcher - Starting LDCS
09-05-2014 10:28:52 [main] INFO  com.elyxor.xeros.ldcs.FileWatcher - watching files in /home/will/input
09-05-2014 10:28:52 [Thread-1] INFO  com.elyxor.xeros.ldcs.FileWatcher - scanning for files in /home/will/input
09-05-2014 10:29:10 [main] INFO  com.elyxor.xeros.ldcs.FileWatcher - waiting to lock log.txt
09-05-2014 10:29:20 [main] INFO  c.e.xeros.ldcs.HttpFileUploader - Uploading /home/will/input/log.txt to http://localhost:8080/xeros-service/upload
09-05-2014 10:29:21 [main] INFO  com.elyxor.xeros.ldcs.FileWatcher - archived /home/will/Documents/ldcs/archive/log.txt.20140509_102921
09-05-2014 10:29:22 [Thread-1] INFO  com.elyxor.xeros.ldcs.FileWatcher - scanning for files in /home/will/input
09-05-2014 10:29:52 [Thread-1] INFO  com.elyxor.xeros.ldcs.FileWatcher - scanning for files in /home/will/input
09-05-2014 10:30:22 [Thread-1] INFO  com.elyxor.xeros.ldcs.FileWatcher - scanning for files in /home/will/input
09-05-2014 10:30:29 [main] INFO  com.elyxor.xeros.ldcs.FileWatcher - waiting to lock log.txt
09-05-2014 10:30:39 [main] INFO  c.e.xeros.ldcs.HttpFileUploader - Uploading /home/will/input/log.txt to http://localhost:8080/xeros-service/upload
09-05-2014 10:30:39 [main] INFO  com.elyxor.xeros.ldcs.FileWatcher - archived /home/will/Documents/ldcs/archive/log.txt.20140509_103039
09-05-2014 10:30:52 [Thread-1] INFO  com.elyxor.xeros.ldcs.FileWatcher - scanning for files in /home/will/input
09-05-2014 10:31:22 [Thread-1] INFO  com.elyxor.xeros.ldcs.FileWatcher - scanning for files in /home/will/input
09-05-2014 10:31:52 [Thread-1] INFO  com.elyxor.xeros.ldcs.FileWatcher - scanning for files in /home/will/input
09-05-2014 10:32:22 [Thread-1] INFO  com.elyxor.xeros.ldcs.FileWatcher - scanning for files in /home/will/input
09-05-2014 10:32:52 [Thread-1] INFO  com.elyxor.xeros.ldcs.FileWatcher - scanning for files in /home/will/input
09-05-2014 10:33:22 [Thread-1] INFO  com.elyxor.xeros.ldcs.FileWatcher - scanning for files in /home/will/input
09-05-2014 10:33:52 [Thread-1] INFO  com.elyxor.xeros.ldcs.FileWatcher - scanning for files in /home/will/input
09-05-2014 10:34:22 [Thread-1] INFO  com.elyxor.xeros.ldcs.FileWatcher - scanning for files in /home/will/input
09-05-2014 10:34:51 [main] INFO  com.elyxor.xeros.ldcs.FileWatcher - waiting to lock log.txt
09-05-2014 10:34:52 [Thread-1] INFO  com.elyxor.xeros.ldcs.FileWatcher - scanning for files in /home/will/input
09-05-2014 10:34:52 [Thread-3] INFO  com.elyxor.xeros.ldcs.FileWatcher - waiting to lock log.txt
09-05-2014 10:35:01 [main] INFO  c.e.xeros.ldcs.HttpFileUploader - Uploading /home/will/input/log.txt to http://localhost:8080/xeros-service/upload
09-05-2014 10:35:02 [Thread-3] INFO  c.e.xeros.ldcs.HttpFileUploader - Uploading /home/will/input/log.txt to http://localhost:8080/xeros-service/upload
09-05-2014 10:35:22 [Thread-1] INFO  com.elyxor.xeros.ldcs.FileWatcher - scanning for files in /home/will/input
09-05-2014 10:35:22 [Thread-4] INFO  com.elyxor.xeros.ldcs.FileWatcher - waiting to lock log.txt
09-05-2014 10:35:32 [Thread-4] INFO  c.e.xeros.ldcs.HttpFileUploader - Uploading /home/will/input/log.txt to http://localhost:8080/xeros-service/upload
09-05-2014 10:35:52 [Thread-1] INFO  com.elyxor.xeros.ldcs.FileWatcher - scanning for files in /home/will/input
09-05-2014 10:35:52 [Thread-5] INFO  com.elyxor.xeros.ldcs.FileWatcher - waiting to lock log.txt
09-05-2014 10:36:02 [Thread-5] INFO  c.e.xeros.ldcs.HttpFileUploader - Uploading /home/will/input/log.txt to http://localhost:8080/xeros-service/upload
09-05-2014 10:36:22 [Thread-1] INFO  com.elyxor.xeros.ldcs.FileWatcher - scanning for files in /home/will/input
09-05-2014 10:36:22 [Thread-6] INFO  com.elyxor.xeros.ldcs.FileWatcher - waiting to lock log.txt
09-05-2014 10:36:32 [Thread-6] INFO  c.e.xeros.ldcs.HttpFileUploader - Uploading /home/will/input/log.txt to http://localhost:8080/xeros-service/upload
09-05-2014 10:36:38 [Thread-3] INFO  com.elyxor.xeros.ldcs.FileWatcher - archived /home/will/Documents/ldcs/archive/log.txt.20140509_103638
09-05-2014 10:36:52 [Thread-1] INFO  com.elyxor.xeros.ldcs.FileWatcher - scanning for files in /home/will/input
09-05-2014 10:36:55 [main] WARN  com.elyxor.xeros.ldcs.FileWatcher - Failed to get/send file
java.nio.file.NoSuchFileException: /home/will/input/log.txt
	at sun.nio.fs.UnixException.translateToIOException(UnixException.java:86) ~[na:1.8.0_05]
	at sun.nio.fs.UnixException.rethrowAsIOException(UnixException.java:102) ~[na:1.8.0_05]
	at sun.nio.fs.UnixException.rethrowAsIOException(UnixException.java:107) ~[na:1.8.0_05]
	at sun.nio.fs.UnixCopyFile.move(UnixCopyFile.java:409) ~[na:1.8.0_05]
	at sun.nio.fs.UnixFileSystemProvider.move(UnixFileSystemProvider.java:262) ~[na:1.8.0_05]
	at java.nio.file.Files.move(Files.java:1392) ~[na:1.8.0_05]
	at com.elyxor.xeros.ldcs.FileWatcher$FileAcquirer.run(FileWatcher.java:133) ~[classes/:na]
	at com.elyxor.xeros.ldcs.FileWatcher.watch(FileWatcher.java:70) [classes/:na]
	at com.elyxor.xeros.ldcs.CollectionMain.main(CollectionMain.java:7) [classes/:na]
09-05-2014 10:37:22 [Thread-1] INFO  com.elyxor.xeros.ldcs.FileWatcher - scanning for files in /home/will/input
09-05-2014 10:37:52 [Thread-1] INFO  com.elyxor.xeros.ldcs.FileWatcher - scanning for files in /home/will/input
09-05-2014 10:38:22 [Thread-1] INFO  com.elyxor.xeros.ldcs.FileWatcher - scanning for files in /home/will/input
09-05-2014 10:38:49 [Thread-4] WARN  com.elyxor.xeros.ldcs.FileWatcher - Failed to get/send file
java.nio.file.NoSuchFileException: /home/will/input/log.txt
	at sun.nio.fs.UnixException.translateToIOException(UnixException.java:86) ~[na:1.8.0_05]
	at sun.nio.fs.UnixException.rethrowAsIOException(UnixException.java:102) ~[na:1.8.0_05]
	at sun.nio.fs.UnixException.rethrowAsIOException(UnixException.java:107) ~[na:1.8.0_05]
	at sun.nio.fs.UnixCopyFile.move(UnixCopyFile.java:409) ~[na:1.8.0_05]
	at sun.nio.fs.UnixFileSystemProvider.move(UnixFileSystemProvider.java:262) ~[na:1.8.0_05]
	at java.nio.file.Files.move(Files.java:1392) ~[na:1.8.0_05]
	at com.elyxor.xeros.ldcs.FileWatcher$FileAcquirer.run(FileWatcher.java:133) ~[classes/:na]
	at java.lang.Thread.run(Thread.java:745) [na:1.8.0_05]
09-05-2014 10:38:52 [Thread-1] INFO  com.elyxor.xeros.ldcs.FileWatcher - scanning for files in /home/will/input
09-05-2014 10:38:56 [Thread-5] WARN  com.elyxor.xeros.ldcs.FileWatcher - Failed to get/send file
java.nio.file.NoSuchFileException: /home/will/input/log.txt
	at sun.nio.fs.UnixException.translateToIOException(UnixException.java:86) ~[na:1.8.0_05]
	at sun.nio.fs.UnixException.rethrowAsIOException(UnixException.java:102) ~[na:1.8.0_05]
	at sun.nio.fs.UnixException.rethrowAsIOException(UnixException.java:107) ~[na:1.8.0_05]
	at sun.nio.fs.UnixCopyFile.move(UnixCopyFile.java:409) ~[na:1.8.0_05]
	at sun.nio.fs.UnixFileSystemProvider.move(UnixFileSystemProvider.java:262) ~[na:1.8.0_05]
	at java.nio.file.Files.move(Files.java:1392) ~[na:1.8.0_05]
	at com.elyxor.xeros.ldcs.FileWatcher$FileAcquirer.run(FileWatcher.java:133) ~[classes/:na]
	at java.lang.Thread.run(Thread.java:745) [na:1.8.0_05]
09-05-2014 10:39:22 [Thread-1] INFO  com.elyxor.xeros.ldcs.FileWatcher - scanning for files in /home/will/input
09-05-2014 10:39:52 [Thread-1] INFO  com.elyxor.xeros.ldcs.FileWatcher - scanning for files in /home/will/input
09-05-2014 10:40:22 [Thread-1] INFO  com.elyxor.xeros.ldcs.FileWatcher - scanning for files in /home/will/input
09-05-2014 10:40:26 [Thread-6] ERROR c.e.xeros.ldcs.HttpFileUploader - Failed to post file
org.apache.http.NoHttpResponseException: The target server failed to respond
	at org.apache.http.impl.conn.DefaultHttpResponseParser.parseHead(DefaultHttpResponseParser.java:143) ~[httpclient-4.3.2.jar:4.3.2]
	at org.apache.http.impl.conn.DefaultHttpResponseParser.parseHead(DefaultHttpResponseParser.java:57) ~[httpclient-4.3.2.jar:4.3.2]
	at org.apache.http.impl.io.AbstractMessageParser.parse(AbstractMessageParser.java:260) ~[httpcore-4.3.1.jar:4.3.1]
	at org.apache.http.impl.DefaultBHttpClientConnection.receiveResponseHeader(DefaultBHttpClientConnection.java:161) ~[httpcore-4.3.1.jar:4.3.1]
	at sun.reflect.NativeMethodAccessorImpl.invoke0(Native Method) ~[na:1.8.0_05]
	at sun.reflect.NativeMethodAccessorImpl.invoke(NativeMethodAccessorImpl.java:62) ~[na:1.8.0_05]
	at sun.reflect.DelegatingMethodAccessorImpl.invoke(DelegatingMethodAccessorImpl.java:43) ~[na:1.8.0_05]
	at java.lang.reflect.Method.invoke(Method.java:483) ~[na:1.8.0_05]
	at org.apache.http.impl.conn.CPoolProxy.invoke(CPoolProxy.java:138) ~[httpclient-4.3.2.jar:4.3.2]
	at com.sun.proxy.$Proxy2.receiveResponseHeader(Unknown Source) ~[na:na]
	at org.apache.http.protocol.HttpRequestExecutor.doReceiveResponse(HttpRequestExecutor.java:271) ~[httpcore-4.3.1.jar:4.3.1]
	at org.apache.http.protocol.HttpRequestExecutor.execute(HttpRequestExecutor.java:123) ~[httpcore-4.3.1.jar:4.3.1]
	at org.apache.http.impl.execchain.MainClientExec.execute(MainClientExec.java:254) ~[httpclient-4.3.2.jar:4.3.2]
	at org.apache.http.impl.execchain.ProtocolExec.execute(ProtocolExec.java:195) ~[httpclient-4.3.2.jar:4.3.2]
	at org.apache.http.impl.execchain.RetryExec.execute(RetryExec.java:85) ~[httpclient-4.3.2.jar:4.3.2]
	at org.apache.http.impl.execchain.RedirectExec.execute(RedirectExec.java:108) ~[httpclient-4.3.2.jar:4.3.2]
	at org.apache.http.impl.client.InternalHttpClient.doExecute(InternalHttpClient.java:186) ~[httpclient-4.3.2.jar:4.3.2]
	at org.apache.http.impl.client.CloseableHttpClient.execute(CloseableHttpClient.java:82) ~[httpclient-4.3.2.jar:4.3.2]
	at org.apache.http.impl.client.CloseableHttpClient.execute(CloseableHttpClient.java:106) ~[httpclient-4.3.2.jar:4.3.2]
	at org.apache.http.impl.client.CloseableHttpClient.execute(CloseableHttpClient.java:57) ~[httpclient-4.3.2.jar:4.3.2]
	at com.elyxor.xeros.ldcs.HttpFileUploader.postFile(HttpFileUploader.java:53) ~[classes/:na]
	at com.elyxor.xeros.ldcs.FileWatcher$FileAcquirer.run(FileWatcher.java:129) [classes/:na]
	at java.lang.Thread.run(Thread.java:745) [na:1.8.0_05]
09-05-2014 10:40:26 [Thread-6] WARN  com.elyxor.xeros.ldcs.FileWatcher - not moving file due to http post response
09-05-2014 10:40:52 [Thread-1] INFO  com.elyxor.xeros.ldcs.FileWatcher - scanning for files in /home/will/input
09-05-2014 10:41:22 [Thread-1] INFO  com.elyxor.xeros.ldcs.FileWatcher - scanning for files in /home/will/input
09-05-2014 10:41:52 [Thread-1] INFO  com.elyxor.xeros.ldcs.FileWatcher - scanning for files in /home/will/input
09-05-2014 10:42:22 [Thread-1] INFO  com.elyxor.xeros.ldcs.FileWatcher - scanning for files in /home/will/input
09-05-2014 10:42:52 [Thread-1] INFO  com.elyxor.xeros.ldcs.FileWatcher - scanning for files in /home/will/input
09-05-2014 10:43:22 [Thread-1] INFO  com.elyxor.xeros.ldcs.FileWatcher - scanning for files in /home/will/input
09-05-2014 10:43:52 [Thread-1] INFO  com.elyxor.xeros.ldcs.FileWatcher - scanning for files in /home/will/input
09-05-2014 10:44:22 [Thread-1] INFO  com.elyxor.xeros.ldcs.FileWatcher - scanning for files in /home/will/input
09-05-2014 10:44:52 [Thread-1] INFO  com.elyxor.xeros.ldcs.FileWatcher - scanning for files in /home/will/input
