16-06-2014 11:27:58 [Thread-1] INFO  c.elyxor.xeros.ldcs.CommandListener - Listening to command line inputs
16-06-2014 11:27:58 [main] INFO  c.e.xeros.ldcs.AppConfiguration - loading config from [ldcs.properties]
16-06-2014 11:27:58 [main] WARN  c.e.xeros.ldcs.AppConfiguration - [ldcs.properties] not found
16-06-2014 11:27:58 [main] INFO  c.e.xeros.ldcs.AppConfiguration - loading config from [application.properties]
16-06-2014 11:27:58 [main] INFO  org.quartz.impl.StdSchedulerFactory - Using default implementation for ThreadExecutor
16-06-2014 11:27:58 [main] INFO  o.quartz.core.SchedulerSignalerImpl - Initialized Scheduler Signaller of type: class org.quartz.core.SchedulerSignalerImpl
16-06-2014 11:27:58 [main] INFO  org.quartz.core.QuartzScheduler - Quartz Scheduler v.2.2.1 created.
16-06-2014 11:27:58 [main] INFO  org.quartz.simpl.RAMJobStore - RAMJobStore initialized.
16-06-2014 11:27:58 [main] INFO  org.quartz.core.QuartzScheduler - Scheduler meta-data: Quartz Scheduler (v2.2.1) 'ldcsScheduler' with instanceId 'NON_CLUSTERED'
  Scheduler class: 'org.quartz.core.QuartzScheduler' - running locally.
  NOT STARTED.
  Currently in standby mode.
  Number of jobs executed: 0
  Using thread pool 'org.quartz.simpl.SimpleThreadPool' - with 3 threads.
  Using job-store 'org.quartz.simpl.RAMJobStore' - which does not support persistence. and is not clustered.

16-06-2014 11:27:58 [main] INFO  org.quartz.impl.StdSchedulerFactory - Quartz scheduler 'ldcsScheduler' initialized from default resource file in Quartz package: 'quartz.properties'
16-06-2014 11:27:58 [main] INFO  org.quartz.impl.StdSchedulerFactory - Quartz scheduler version: 2.2.1
16-06-2014 11:27:58 [main] INFO  c.elyxor.xeros.ldcs.dai.PortManager - scheduled clock set job, next fire time: Sun Jun 22 01:00:00 EDT 2014
16-06-2014 11:27:58 [main] INFO  org.quartz.core.QuartzScheduler - Scheduler ldcsScheduler_$_NON_CLUSTERED started.
16-06-2014 11:27:58 [main] INFO  c.elyxor.xeros.ldcs.dai.PortManager - Started watching ports for changes
16-06-2014 11:28:11 [Thread-3] INFO  com.elyxor.xeros.ldcs.dai.DaiPort - Started listening on port /dev/ttyUSB0
16-06-2014 11:29:17 [Thread-3] INFO  com.elyxor.xeros.ldcs.dai.DaiPort - Started listening on port /dev/ttyUSB0
16-06-2014 11:31:56 [Thread-3] INFO  com.elyxor.xeros.ldcs.dai.DaiPort - Started listening on port /dev/ttyUSB1
16-06-2014 11:33:50 [Thread-3] INFO  com.elyxor.xeros.ldcs.dai.DaiPort - Started listening on port /dev/ttyUSB1
16-06-2014 11:34:53 [Thread-1] INFO  c.elyxor.xeros.ldcs.CommandListener - Listening to command line inputs
16-06-2014 11:34:53 [main] INFO  c.e.xeros.ldcs.AppConfiguration - loading config from [ldcs.properties]
16-06-2014 11:34:53 [main] WARN  c.e.xeros.ldcs.AppConfiguration - [ldcs.properties] not found
16-06-2014 11:34:53 [main] INFO  c.e.xeros.ldcs.AppConfiguration - loading config from [application.properties]
16-06-2014 11:34:54 [main] INFO  org.quartz.impl.StdSchedulerFactory - Using default implementation for ThreadExecutor
16-06-2014 11:34:54 [main] INFO  o.quartz.core.SchedulerSignalerImpl - Initialized Scheduler Signaller of type: class org.quartz.core.SchedulerSignalerImpl
16-06-2014 11:34:54 [main] INFO  org.quartz.core.QuartzScheduler - Quartz Scheduler v.2.2.1 created.
16-06-2014 11:34:54 [main] INFO  org.quartz.simpl.RAMJobStore - RAMJobStore initialized.
16-06-2014 11:34:54 [main] INFO  org.quartz.core.QuartzScheduler - Scheduler meta-data: Quartz Scheduler (v2.2.1) 'ldcsScheduler' with instanceId 'NON_CLUSTERED'
  Scheduler class: 'org.quartz.core.QuartzScheduler' - running locally.
  NOT STARTED.
  Currently in standby mode.
  Number of jobs executed: 0
  Using thread pool 'org.quartz.simpl.SimpleThreadPool' - with 3 threads.
  Using job-store 'org.quartz.simpl.RAMJobStore' - which does not support persistence. and is not clustered.

16-06-2014 11:34:54 [main] INFO  org.quartz.impl.StdSchedulerFactory - Quartz scheduler 'ldcsScheduler' initialized from default resource file in Quartz package: 'quartz.properties'
16-06-2014 11:34:54 [main] INFO  org.quartz.impl.StdSchedulerFactory - Quartz scheduler version: 2.2.1
16-06-2014 11:34:54 [main] INFO  c.elyxor.xeros.ldcs.dai.PortManager - scheduled clock set job, next fire time: Sun Jun 22 01:00:00 EDT 2014
16-06-2014 11:34:54 [main] INFO  org.quartz.core.QuartzScheduler - Scheduler ldcsScheduler_$_NON_CLUSTERED started.
16-06-2014 11:34:54 [main] INFO  c.elyxor.xeros.ldcs.dai.PortManager - Started watching ports for changes
16-06-2014 11:34:59 [Thread-3] INFO  com.elyxor.xeros.ldcs.dai.DaiPort - Started listening on port /dev/ttyUSB0
16-06-2014 11:35:12 [Thread-3] INFO  com.elyxor.xeros.ldcs.dai.DaiPort - Started listening on port /dev/ttyUSB1
16-06-2014 11:35:24 [Thread-1] INFO  c.elyxor.xeros.ldcs.CommandListener - Listening to command line inputs
16-06-2014 11:35:24 [main] INFO  c.e.xeros.ldcs.AppConfiguration - loading config from [ldcs.properties]
16-06-2014 11:35:24 [main] WARN  c.e.xeros.ldcs.AppConfiguration - [ldcs.properties] not found
16-06-2014 11:35:24 [main] INFO  c.e.xeros.ldcs.AppConfiguration - loading config from [application.properties]
16-06-2014 11:35:25 [main] INFO  org.quartz.impl.StdSchedulerFactory - Using default implementation for ThreadExecutor
16-06-2014 11:35:25 [main] INFO  o.quartz.core.SchedulerSignalerImpl - Initialized Scheduler Signaller of type: class org.quartz.core.SchedulerSignalerImpl
16-06-2014 11:35:25 [main] INFO  org.quartz.core.QuartzScheduler - Quartz Scheduler v.2.2.1 created.
16-06-2014 11:35:25 [main] INFO  org.quartz.simpl.RAMJobStore - RAMJobStore initialized.
16-06-2014 11:35:25 [main] INFO  org.quartz.core.QuartzScheduler - Scheduler meta-data: Quartz Scheduler (v2.2.1) 'ldcsScheduler' with instanceId 'NON_CLUSTERED'
  Scheduler class: 'org.quartz.core.QuartzScheduler' - running locally.
  NOT STARTED.
  Currently in standby mode.
  Number of jobs executed: 0
  Using thread pool 'org.quartz.simpl.SimpleThreadPool' - with 3 threads.
  Using job-store 'org.quartz.simpl.RAMJobStore' - which does not support persistence. and is not clustered.

16-06-2014 11:35:25 [main] INFO  org.quartz.impl.StdSchedulerFactory - Quartz scheduler 'ldcsScheduler' initialized from default resource file in Quartz package: 'quartz.properties'
16-06-2014 11:35:25 [main] INFO  org.quartz.impl.StdSchedulerFactory - Quartz scheduler version: 2.2.1
16-06-2014 11:35:25 [main] INFO  c.elyxor.xeros.ldcs.dai.PortManager - scheduled clock set job, next fire time: Sun Jun 22 01:00:00 EDT 2014
16-06-2014 11:35:25 [main] INFO  org.quartz.core.QuartzScheduler - Scheduler ldcsScheduler_$_NON_CLUSTERED started.
16-06-2014 11:35:25 [main] INFO  c.elyxor.xeros.ldcs.dai.PortManager - Started watching ports for changes
16-06-2014 11:35:30 [Thread-3] INFO  com.elyxor.xeros.ldcs.dai.DaiPort - Started listening on port /dev/ttyUSB0
16-06-2014 11:35:51 [Thread-3] INFO  c.elyxor.xeros.ldcs.dai.PortManager - Assigned DAI ID str1 to port /dev/ttyUSB0
16-06-2014 11:35:56 [Thread-3] INFO  com.elyxor.xeros.ldcs.dai.DaiPort - Started listening on port /dev/ttyUSB1
16-06-2014 11:36:10 [Thread-3] INFO  c.elyxor.xeros.ldcs.dai.PortManager - Assigned DAI ID str2 to port /dev/ttyUSB1
16-06-2014 11:36:59 [Thread-3] INFO  com.elyxor.xeros.ldcs.dai.DaiPort - Started listening on port /dev/ttyUSB1
16-06-2014 12:09:38 [Thread-1] INFO  c.elyxor.xeros.ldcs.CommandListener - Listening to command line inputs
16-06-2014 12:09:38 [main] INFO  c.e.xeros.ldcs.AppConfiguration - loading config from [ldcs.properties]
16-06-2014 12:09:38 [main] WARN  c.e.xeros.ldcs.AppConfiguration - [ldcs.properties] not found
16-06-2014 12:09:38 [main] INFO  c.e.xeros.ldcs.AppConfiguration - loading config from [application.properties]
16-06-2014 12:09:38 [main] INFO  org.quartz.impl.StdSchedulerFactory - Using default implementation for ThreadExecutor
16-06-2014 12:09:38 [main] INFO  o.quartz.core.SchedulerSignalerImpl - Initialized Scheduler Signaller of type: class org.quartz.core.SchedulerSignalerImpl
16-06-2014 12:09:38 [main] INFO  org.quartz.core.QuartzScheduler - Quartz Scheduler v.2.2.1 created.
16-06-2014 12:09:38 [main] INFO  org.quartz.simpl.RAMJobStore - RAMJobStore initialized.
16-06-2014 12:09:38 [main] INFO  org.quartz.core.QuartzScheduler - Scheduler meta-data: Quartz Scheduler (v2.2.1) 'ldcsScheduler' with instanceId 'NON_CLUSTERED'
  Scheduler class: 'org.quartz.core.QuartzScheduler' - running locally.
  NOT STARTED.
  Currently in standby mode.
  Number of jobs executed: 0
  Using thread pool 'org.quartz.simpl.SimpleThreadPool' - with 3 threads.
  Using job-store 'org.quartz.simpl.RAMJobStore' - which does not support persistence. and is not clustered.

16-06-2014 12:09:38 [main] INFO  org.quartz.impl.StdSchedulerFactory - Quartz scheduler 'ldcsScheduler' initialized from default resource file in Quartz package: 'quartz.properties'
16-06-2014 12:09:38 [main] INFO  org.quartz.impl.StdSchedulerFactory - Quartz scheduler version: 2.2.1
16-06-2014 12:09:38 [main] INFO  c.elyxor.xeros.ldcs.dai.PortManager - scheduled clock set job, next fire time: Sun Jun 22 01:00:00 EDT 2014
16-06-2014 12:09:38 [main] INFO  org.quartz.core.QuartzScheduler - Scheduler ldcsScheduler_$_NON_CLUSTERED started.
16-06-2014 12:09:38 [main] INFO  c.elyxor.xeros.ldcs.dai.PortManager - Started watching ports for changes
16-06-2014 12:09:43 [Thread-3] INFO  com.elyxor.xeros.ldcs.dai.DaiPort - Started listening on port /dev/ttyUSB0
16-06-2014 12:09:57 [Thread-1] INFO  c.elyxor.xeros.ldcs.CommandListener - Listening to command line inputs
16-06-2014 12:09:58 [main] INFO  c.e.xeros.ldcs.AppConfiguration - loading config from [ldcs.properties]
16-06-2014 12:09:58 [main] WARN  c.e.xeros.ldcs.AppConfiguration - [ldcs.properties] not found
16-06-2014 12:09:58 [main] INFO  c.e.xeros.ldcs.AppConfiguration - loading config from [application.properties]
16-06-2014 12:09:58 [main] INFO  org.quartz.impl.StdSchedulerFactory - Using default implementation for ThreadExecutor
16-06-2014 12:09:58 [main] INFO  o.quartz.core.SchedulerSignalerImpl - Initialized Scheduler Signaller of type: class org.quartz.core.SchedulerSignalerImpl
16-06-2014 12:09:58 [main] INFO  org.quartz.core.QuartzScheduler - Quartz Scheduler v.2.2.1 created.
16-06-2014 12:09:58 [main] INFO  org.quartz.simpl.RAMJobStore - RAMJobStore initialized.
16-06-2014 12:09:58 [main] INFO  org.quartz.core.QuartzScheduler - Scheduler meta-data: Quartz Scheduler (v2.2.1) 'ldcsScheduler' with instanceId 'NON_CLUSTERED'
  Scheduler class: 'org.quartz.core.QuartzScheduler' - running locally.
  NOT STARTED.
  Currently in standby mode.
  Number of jobs executed: 0
  Using thread pool 'org.quartz.simpl.SimpleThreadPool' - with 3 threads.
  Using job-store 'org.quartz.simpl.RAMJobStore' - which does not support persistence. and is not clustered.

16-06-2014 12:09:58 [main] INFO  org.quartz.impl.StdSchedulerFactory - Quartz scheduler 'ldcsScheduler' initialized from default resource file in Quartz package: 'quartz.properties'
16-06-2014 12:09:58 [main] INFO  org.quartz.impl.StdSchedulerFactory - Quartz scheduler version: 2.2.1
16-06-2014 12:09:58 [main] INFO  c.elyxor.xeros.ldcs.dai.PortManager - scheduled clock set job, next fire time: Sun Jun 22 01:00:00 EDT 2014
16-06-2014 12:09:58 [main] INFO  org.quartz.core.QuartzScheduler - Scheduler ldcsScheduler_$_NON_CLUSTERED started.
16-06-2014 12:09:58 [main] INFO  c.elyxor.xeros.ldcs.dai.PortManager - Started watching ports for changes
16-06-2014 12:10:06 [Thread-3] INFO  com.elyxor.xeros.ldcs.dai.DaiPort - Started listening on port /dev/ttyUSB0
16-06-2014 13:21:41 [Thread-1] INFO  c.elyxor.xeros.ldcs.CommandListener - Listening to command line inputs
16-06-2014 13:21:42 [main] INFO  c.e.xeros.ldcs.AppConfiguration - loading config from [ldcs.properties]
16-06-2014 13:21:42 [main] WARN  c.e.xeros.ldcs.AppConfiguration - [ldcs.properties] not found
16-06-2014 13:21:42 [main] INFO  c.e.xeros.ldcs.AppConfiguration - loading config from [application.properties]
16-06-2014 13:21:42 [main] INFO  org.quartz.impl.StdSchedulerFactory - Using default implementation for ThreadExecutor
16-06-2014 13:21:42 [main] INFO  o.quartz.core.SchedulerSignalerImpl - Initialized Scheduler Signaller of type: class org.quartz.core.SchedulerSignalerImpl
16-06-2014 13:21:42 [main] INFO  org.quartz.core.QuartzScheduler - Quartz Scheduler v.2.2.1 created.
16-06-2014 13:21:42 [main] INFO  org.quartz.simpl.RAMJobStore - RAMJobStore initialized.
16-06-2014 13:21:42 [main] INFO  org.quartz.core.QuartzScheduler - Scheduler meta-data: Quartz Scheduler (v2.2.1) 'ldcsScheduler' with instanceId 'NON_CLUSTERED'
  Scheduler class: 'org.quartz.core.QuartzScheduler' - running locally.
  NOT STARTED.
  Currently in standby mode.
  Number of jobs executed: 0
  Using thread pool 'org.quartz.simpl.SimpleThreadPool' - with 3 threads.
  Using job-store 'org.quartz.simpl.RAMJobStore' - which does not support persistence. and is not clustered.

16-06-2014 13:21:42 [main] INFO  org.quartz.impl.StdSchedulerFactory - Quartz scheduler 'ldcsScheduler' initialized from default resource file in Quartz package: 'quartz.properties'
16-06-2014 13:21:42 [main] INFO  org.quartz.impl.StdSchedulerFactory - Quartz scheduler version: 2.2.1
16-06-2014 13:21:42 [main] INFO  c.elyxor.xeros.ldcs.dai.PortManager - scheduled clock set job, next fire time: Sun Jun 22 01:00:00 EDT 2014
16-06-2014 13:21:42 [main] INFO  org.quartz.core.QuartzScheduler - Scheduler ldcsScheduler_$_NON_CLUSTERED started.
16-06-2014 13:21:42 [main] INFO  c.elyxor.xeros.ldcs.dai.PortManager - Started watching ports for changes
16-06-2014 13:34:43 [Thread-1] INFO  c.elyxor.xeros.ldcs.CommandListener - Listening to command line inputs
16-06-2014 13:34:43 [main] INFO  c.e.xeros.ldcs.AppConfiguration - loading config from [ldcs.properties]
16-06-2014 13:34:43 [main] WARN  c.e.xeros.ldcs.AppConfiguration - [ldcs.properties] not found
16-06-2014 13:34:43 [main] INFO  c.e.xeros.ldcs.AppConfiguration - loading config from [application.properties]
16-06-2014 13:34:43 [main] INFO  org.quartz.impl.StdSchedulerFactory - Using default implementation for ThreadExecutor
16-06-2014 13:34:43 [main] INFO  o.quartz.core.SchedulerSignalerImpl - Initialized Scheduler Signaller of type: class org.quartz.core.SchedulerSignalerImpl
16-06-2014 13:34:43 [main] INFO  org.quartz.core.QuartzScheduler - Quartz Scheduler v.2.2.1 created.
16-06-2014 13:34:43 [main] INFO  org.quartz.simpl.RAMJobStore - RAMJobStore initialized.
16-06-2014 13:34:43 [main] INFO  org.quartz.core.QuartzScheduler - Scheduler meta-data: Quartz Scheduler (v2.2.1) 'ldcsScheduler' with instanceId 'NON_CLUSTERED'
  Scheduler class: 'org.quartz.core.QuartzScheduler' - running locally.
  NOT STARTED.
  Currently in standby mode.
  Number of jobs executed: 0
  Using thread pool 'org.quartz.simpl.SimpleThreadPool' - with 3 threads.
  Using job-store 'org.quartz.simpl.RAMJobStore' - which does not support persistence. and is not clustered.

16-06-2014 13:34:43 [main] INFO  org.quartz.impl.StdSchedulerFactory - Quartz scheduler 'ldcsScheduler' initialized from default resource file in Quartz package: 'quartz.properties'
16-06-2014 13:34:43 [main] INFO  org.quartz.impl.StdSchedulerFactory - Quartz scheduler version: 2.2.1
16-06-2014 13:34:43 [main] INFO  c.elyxor.xeros.ldcs.dai.PortManager - scheduled clock set job, next fire time: Sun Jun 22 01:00:00 EDT 2014
16-06-2014 13:34:43 [main] INFO  org.quartz.core.QuartzScheduler - Scheduler ldcsScheduler_$_NON_CLUSTERED started.
16-06-2014 13:34:43 [main] INFO  c.elyxor.xeros.ldcs.dai.PortManager - Started watching ports for changes
16-06-2014 13:34:48 [Thread-3] INFO  com.elyxor.xeros.ldcs.dai.DaiPort - Started listening on port /dev/ttyUSB0
16-06-2014 13:35:26 [Thread-3] INFO  c.elyxor.xeros.ldcs.dai.PortManager - Assigned DAI ID str1 to port /dev/ttyUSB0
16-06-2014 13:36:33 [Thread-1] INFO  c.elyxor.xeros.ldcs.CommandListener - Listening to command line inputs
16-06-2014 13:36:33 [main] INFO  c.e.xeros.ldcs.AppConfiguration - loading config from [ldcs.properties]
16-06-2014 13:36:33 [main] WARN  c.e.xeros.ldcs.AppConfiguration - [ldcs.properties] not found
16-06-2014 13:36:33 [main] INFO  c.e.xeros.ldcs.AppConfiguration - loading config from [application.properties]
16-06-2014 13:36:34 [main] INFO  org.quartz.impl.StdSchedulerFactory - Using default implementation for ThreadExecutor
16-06-2014 13:36:34 [main] INFO  o.quartz.core.SchedulerSignalerImpl - Initialized Scheduler Signaller of type: class org.quartz.core.SchedulerSignalerImpl
16-06-2014 13:36:34 [main] INFO  org.quartz.core.QuartzScheduler - Quartz Scheduler v.2.2.1 created.
16-06-2014 13:36:34 [main] INFO  org.quartz.simpl.RAMJobStore - RAMJobStore initialized.
16-06-2014 13:36:34 [main] INFO  org.quartz.core.QuartzScheduler - Scheduler meta-data: Quartz Scheduler (v2.2.1) 'ldcsScheduler' with instanceId 'NON_CLUSTERED'
  Scheduler class: 'org.quartz.core.QuartzScheduler' - running locally.
  NOT STARTED.
  Currently in standby mode.
  Number of jobs executed: 0
  Using thread pool 'org.quartz.simpl.SimpleThreadPool' - with 3 threads.
  Using job-store 'org.quartz.simpl.RAMJobStore' - which does not support persistence. and is not clustered.

16-06-2014 13:36:34 [main] INFO  org.quartz.impl.StdSchedulerFactory - Quartz scheduler 'ldcsScheduler' initialized from default resource file in Quartz package: 'quartz.properties'
16-06-2014 13:36:34 [main] INFO  org.quartz.impl.StdSchedulerFactory - Quartz scheduler version: 2.2.1
16-06-2014 13:36:34 [main] INFO  c.elyxor.xeros.ldcs.dai.PortManager - scheduled clock set job, next fire time: Sun Jun 22 01:00:00 EDT 2014
16-06-2014 13:36:34 [main] INFO  org.quartz.core.QuartzScheduler - Scheduler ldcsScheduler_$_NON_CLUSTERED started.
16-06-2014 13:36:34 [main] INFO  c.elyxor.xeros.ldcs.dai.PortManager - Started watching ports for changes
16-06-2014 13:36:39 [Thread-3] INFO  com.elyxor.xeros.ldcs.dai.DaiPort - Started listening on port /dev/ttyUSB0
16-06-2014 13:40:37 [Thread-1] INFO  c.elyxor.xeros.ldcs.CommandListener - Listening to command line inputs
16-06-2014 13:40:37 [main] INFO  c.e.xeros.ldcs.AppConfiguration - loading config from [ldcs.properties]
16-06-2014 13:40:37 [main] WARN  c.e.xeros.ldcs.AppConfiguration - [ldcs.properties] not found
16-06-2014 13:40:37 [main] INFO  c.e.xeros.ldcs.AppConfiguration - loading config from [application.properties]
16-06-2014 13:40:37 [main] INFO  org.quartz.impl.StdSchedulerFactory - Using default implementation for ThreadExecutor
16-06-2014 13:40:37 [main] INFO  o.quartz.core.SchedulerSignalerImpl - Initialized Scheduler Signaller of type: class org.quartz.core.SchedulerSignalerImpl
16-06-2014 13:40:37 [main] INFO  org.quartz.core.QuartzScheduler - Quartz Scheduler v.2.2.1 created.
16-06-2014 13:40:37 [main] INFO  org.quartz.simpl.RAMJobStore - RAMJobStore initialized.
16-06-2014 13:40:37 [main] INFO  org.quartz.core.QuartzScheduler - Scheduler meta-data: Quartz Scheduler (v2.2.1) 'ldcsScheduler' with instanceId 'NON_CLUSTERED'
  Scheduler class: 'org.quartz.core.QuartzScheduler' - running locally.
  NOT STARTED.
  Currently in standby mode.
  Number of jobs executed: 0
  Using thread pool 'org.quartz.simpl.SimpleThreadPool' - with 3 threads.
  Using job-store 'org.quartz.simpl.RAMJobStore' - which does not support persistence. and is not clustered.

16-06-2014 13:40:37 [main] INFO  org.quartz.impl.StdSchedulerFactory - Quartz scheduler 'ldcsScheduler' initialized from default resource file in Quartz package: 'quartz.properties'
16-06-2014 13:40:37 [main] INFO  org.quartz.impl.StdSchedulerFactory - Quartz scheduler version: 2.2.1
16-06-2014 13:40:37 [main] INFO  c.elyxor.xeros.ldcs.dai.PortManager - scheduled clock set job, next fire time: Sun Jun 22 01:00:00 EDT 2014
16-06-2014 13:40:37 [main] INFO  org.quartz.core.QuartzScheduler - Scheduler ldcsScheduler_$_NON_CLUSTERED started.
16-06-2014 13:40:37 [main] INFO  c.elyxor.xeros.ldcs.dai.PortManager - Started watching ports for changes
16-06-2014 13:40:42 [Thread-3] INFO  com.elyxor.xeros.ldcs.dai.DaiPort - Started listening on port /dev/ttyUSB0
16-06-2014 13:41:18 [Thread-3] INFO  c.elyxor.xeros.ldcs.dai.PortManager - Assigned DAI ID str1 to port /dev/ttyUSB0
16-06-2014 13:41:25 [Thread-3] INFO  com.elyxor.xeros.ldcs.dai.DaiPort - Started listening on port /dev/ttyUSB2
16-06-2014 13:44:49 [Thread-1] INFO  c.elyxor.xeros.ldcs.CommandListener - Listening to command line inputs
16-06-2014 13:44:49 [main] INFO  c.e.xeros.ldcs.AppConfiguration - loading config from [ldcs.properties]
16-06-2014 13:44:49 [main] WARN  c.e.xeros.ldcs.AppConfiguration - [ldcs.properties] not found
16-06-2014 13:44:49 [main] INFO  c.e.xeros.ldcs.AppConfiguration - loading config from [application.properties]
16-06-2014 13:44:49 [main] INFO  org.quartz.impl.StdSchedulerFactory - Using default implementation for ThreadExecutor
16-06-2014 13:44:49 [main] INFO  o.quartz.core.SchedulerSignalerImpl - Initialized Scheduler Signaller of type: class org.quartz.core.SchedulerSignalerImpl
16-06-2014 13:44:49 [main] INFO  org.quartz.core.QuartzScheduler - Quartz Scheduler v.2.2.1 created.
16-06-2014 13:44:49 [main] INFO  org.quartz.simpl.RAMJobStore - RAMJobStore initialized.
16-06-2014 13:44:49 [main] INFO  org.quartz.core.QuartzScheduler - Scheduler meta-data: Quartz Scheduler (v2.2.1) 'ldcsScheduler' with instanceId 'NON_CLUSTERED'
  Scheduler class: 'org.quartz.core.QuartzScheduler' - running locally.
  NOT STARTED.
  Currently in standby mode.
  Number of jobs executed: 0
  Using thread pool 'org.quartz.simpl.SimpleThreadPool' - with 3 threads.
  Using job-store 'org.quartz.simpl.RAMJobStore' - which does not support persistence. and is not clustered.

16-06-2014 13:44:49 [main] INFO  org.quartz.impl.StdSchedulerFactory - Quartz scheduler 'ldcsScheduler' initialized from default resource file in Quartz package: 'quartz.properties'
16-06-2014 13:44:49 [main] INFO  org.quartz.impl.StdSchedulerFactory - Quartz scheduler version: 2.2.1
16-06-2014 13:44:49 [main] INFO  c.elyxor.xeros.ldcs.dai.PortManager - scheduled clock set job, next fire time: Sun Jun 22 01:00:00 EDT 2014
16-06-2014 13:44:49 [main] INFO  org.quartz.core.QuartzScheduler - Scheduler ldcsScheduler_$_NON_CLUSTERED started.
16-06-2014 13:44:49 [main] INFO  c.elyxor.xeros.ldcs.dai.PortManager - Started watching ports for changes
16-06-2014 13:44:54 [Thread-3] INFO  com.elyxor.xeros.ldcs.dai.DaiPort - Started listening on port /dev/ttyUSB0
16-06-2014 13:46:10 [Thread-3] WARN  com.elyxor.xeros.ldcs.dai.DaiPort - Could not open port
jssc.SerialPortException: Port name - /dev/ttyUSB0; Method name - openPort(); Exception type - Port busy.
	at jssc.SerialPort.openPort(SerialPort.java:164) ~[jssc-2.8.0.jar:na]
	at com.elyxor.xeros.ldcs.dai.DaiPort.openPort(DaiPort.java:53) ~[classes/:na]
	at com.elyxor.xeros.ldcs.dai.PortManager.portAdded(PortManager.java:67) [classes/:na]
	at com.elyxor.xeros.ldcs.dai.PortFinder.run(PortFinder.java:34) [classes/:na]
	at java.lang.Thread.run(Thread.java:745) [na:1.8.0_05]
16-06-2014 13:46:19 [Thread-1] INFO  c.elyxor.xeros.ldcs.CommandListener - Listening to command line inputs
16-06-2014 13:46:19 [main] INFO  c.e.xeros.ldcs.AppConfiguration - loading config from [ldcs.properties]
16-06-2014 13:46:19 [main] WARN  c.e.xeros.ldcs.AppConfiguration - [ldcs.properties] not found
16-06-2014 13:46:19 [main] INFO  c.e.xeros.ldcs.AppConfiguration - loading config from [application.properties]
16-06-2014 13:46:19 [main] INFO  org.quartz.impl.StdSchedulerFactory - Using default implementation for ThreadExecutor
16-06-2014 13:46:19 [main] INFO  o.quartz.core.SchedulerSignalerImpl - Initialized Scheduler Signaller of type: class org.quartz.core.SchedulerSignalerImpl
16-06-2014 13:46:19 [main] INFO  org.quartz.core.QuartzScheduler - Quartz Scheduler v.2.2.1 created.
16-06-2014 13:46:19 [main] INFO  org.quartz.simpl.RAMJobStore - RAMJobStore initialized.
16-06-2014 13:46:19 [main] INFO  org.quartz.core.QuartzScheduler - Scheduler meta-data: Quartz Scheduler (v2.2.1) 'ldcsScheduler' with instanceId 'NON_CLUSTERED'
  Scheduler class: 'org.quartz.core.QuartzScheduler' - running locally.
  NOT STARTED.
  Currently in standby mode.
  Number of jobs executed: 0
  Using thread pool 'org.quartz.simpl.SimpleThreadPool' - with 3 threads.
  Using job-store 'org.quartz.simpl.RAMJobStore' - which does not support persistence. and is not clustered.

16-06-2014 13:46:19 [main] INFO  org.quartz.impl.StdSchedulerFactory - Quartz scheduler 'ldcsScheduler' initialized from default resource file in Quartz package: 'quartz.properties'
16-06-2014 13:46:19 [main] INFO  org.quartz.impl.StdSchedulerFactory - Quartz scheduler version: 2.2.1
16-06-2014 13:46:19 [main] INFO  c.elyxor.xeros.ldcs.dai.PortManager - scheduled clock set job, next fire time: Sun Jun 22 01:00:00 EDT 2014
16-06-2014 13:46:19 [main] INFO  org.quartz.core.QuartzScheduler - Scheduler ldcsScheduler_$_NON_CLUSTERED started.
16-06-2014 13:46:19 [main] INFO  c.elyxor.xeros.ldcs.dai.PortManager - Started watching ports for changes
16-06-2014 13:46:24 [Thread-3] INFO  com.elyxor.xeros.ldcs.dai.DaiPort - Started listening on port /dev/ttyUSB0
16-06-2014 13:46:45 [Thread-3] INFO  c.elyxor.xeros.ldcs.dai.PortManager - Assigned DAI ID str1 to port /dev/ttyUSB0
16-06-2014 13:47:22 [Thread-3] INFO  com.elyxor.xeros.ldcs.dai.DaiPort - Started listening on port /dev/ttyUSB2
16-06-2014 13:47:38 [Thread-3] INFO  c.elyxor.xeros.ldcs.dai.PortManager - Assigned DAI ID str2 to port /dev/ttyUSB2
16-06-2014 13:48:12 [Thread-3] INFO  com.elyxor.xeros.ldcs.dai.DaiPort - Started listening on port /dev/ttyUSB1
16-06-2014 13:49:16 [Thread-3] INFO  com.elyxor.xeros.ldcs.dai.DaiPort - Started listening on port /dev/ttyUSB0
16-06-2014 13:50:17 [Thread-3] INFO  com.elyxor.xeros.ldcs.dai.DaiPort - Started listening on port /dev/ttyUSB1
16-06-2014 14:09:03 [Thread-1] INFO  c.elyxor.xeros.ldcs.CommandListener - Listening to command line inputs
16-06-2014 14:09:03 [main] INFO  c.e.xeros.ldcs.AppConfiguration - loading config from [ldcs.properties]
16-06-2014 14:09:03 [main] WARN  c.e.xeros.ldcs.AppConfiguration - [ldcs.properties] not found
16-06-2014 14:09:03 [main] INFO  c.e.xeros.ldcs.AppConfiguration - loading config from [application.properties]
16-06-2014 14:09:04 [main] INFO  org.quartz.impl.StdSchedulerFactory - Using default implementation for ThreadExecutor
16-06-2014 14:09:04 [main] INFO  o.quartz.core.SchedulerSignalerImpl - Initialized Scheduler Signaller of type: class org.quartz.core.SchedulerSignalerImpl
16-06-2014 14:09:04 [main] INFO  org.quartz.core.QuartzScheduler - Quartz Scheduler v.2.2.1 created.
16-06-2014 14:09:04 [main] INFO  org.quartz.simpl.RAMJobStore - RAMJobStore initialized.
16-06-2014 14:09:04 [main] INFO  org.quartz.core.QuartzScheduler - Scheduler meta-data: Quartz Scheduler (v2.2.1) 'ldcsScheduler' with instanceId 'NON_CLUSTERED'
  Scheduler class: 'org.quartz.core.QuartzScheduler' - running locally.
  NOT STARTED.
  Currently in standby mode.
  Number of jobs executed: 0
  Using thread pool 'org.quartz.simpl.SimpleThreadPool' - with 3 threads.
  Using job-store 'org.quartz.simpl.RAMJobStore' - which does not support persistence. and is not clustered.

16-06-2014 14:09:04 [main] INFO  org.quartz.impl.StdSchedulerFactory - Quartz scheduler 'ldcsScheduler' initialized from default resource file in Quartz package: 'quartz.properties'
16-06-2014 14:09:04 [main] INFO  org.quartz.impl.StdSchedulerFactory - Quartz scheduler version: 2.2.1
16-06-2014 14:09:04 [main] INFO  c.elyxor.xeros.ldcs.dai.PortManager - scheduled clock set job, next fire time: Sun Jun 22 01:00:00 EDT 2014
16-06-2014 14:09:04 [main] INFO  org.quartz.core.QuartzScheduler - Scheduler ldcsScheduler_$_NON_CLUSTERED started.
16-06-2014 14:09:04 [main] INFO  c.elyxor.xeros.ldcs.dai.PortManager - Started watching ports for changes
16-06-2014 14:09:09 [Thread-3] INFO  com.elyxor.xeros.ldcs.dai.DaiPort - Started listening on port /dev/ttyUSB0
16-06-2014 14:09:32 [Thread-3] INFO  com.elyxor.xeros.ldcs.dai.DaiPort - Started listening on port /dev/ttyUSB1
16-06-2014 14:09:47 [Thread-3] INFO  com.elyxor.xeros.ldcs.dai.DaiPort - Started listening on port /dev/ttyUSB2
16-06-2014 14:11:28 [Thread-3] INFO  c.elyxor.xeros.ldcs.dai.PortManager - Assigned DAI ID str1 to port /dev/ttyUSB2
16-06-2014 14:14:47 [Thread-1] INFO  c.elyxor.xeros.ldcs.CommandListener - Listening to command line inputs
16-06-2014 14:14:47 [main] INFO  c.e.xeros.ldcs.AppConfiguration - loading config from [ldcs.properties]
16-06-2014 14:14:47 [main] WARN  c.e.xeros.ldcs.AppConfiguration - [ldcs.properties] not found
16-06-2014 14:14:47 [main] INFO  c.e.xeros.ldcs.AppConfiguration - loading config from [application.properties]
16-06-2014 14:14:47 [main] INFO  org.quartz.impl.StdSchedulerFactory - Using default implementation for ThreadExecutor
16-06-2014 14:14:47 [main] INFO  o.quartz.core.SchedulerSignalerImpl - Initialized Scheduler Signaller of type: class org.quartz.core.SchedulerSignalerImpl
16-06-2014 14:14:47 [main] INFO  org.quartz.core.QuartzScheduler - Quartz Scheduler v.2.2.1 created.
16-06-2014 14:14:47 [main] INFO  org.quartz.simpl.RAMJobStore - RAMJobStore initialized.
16-06-2014 14:14:47 [main] INFO  org.quartz.core.QuartzScheduler - Scheduler meta-data: Quartz Scheduler (v2.2.1) 'ldcsScheduler' with instanceId 'NON_CLUSTERED'
  Scheduler class: 'org.quartz.core.QuartzScheduler' - running locally.
  NOT STARTED.
  Currently in standby mode.
  Number of jobs executed: 0
  Using thread pool 'org.quartz.simpl.SimpleThreadPool' - with 3 threads.
  Using job-store 'org.quartz.simpl.RAMJobStore' - which does not support persistence. and is not clustered.

16-06-2014 14:14:47 [main] INFO  org.quartz.impl.StdSchedulerFactory - Quartz scheduler 'ldcsScheduler' initialized from default resource file in Quartz package: 'quartz.properties'
16-06-2014 14:14:47 [main] INFO  org.quartz.impl.StdSchedulerFactory - Quartz scheduler version: 2.2.1
16-06-2014 14:14:47 [main] INFO  c.elyxor.xeros.ldcs.dai.PortManager - scheduled clock set job, next fire time: Sun Jun 22 01:00:00 EDT 2014
16-06-2014 14:14:47 [main] INFO  org.quartz.core.QuartzScheduler - Scheduler ldcsScheduler_$_NON_CLUSTERED started.
16-06-2014 14:14:47 [main] INFO  c.elyxor.xeros.ldcs.dai.PortManager - Started watching ports for changes
16-06-2014 14:14:53 [Thread-3] INFO  com.elyxor.xeros.ldcs.dai.DaiPort - Started listening on port /dev/ttyUSB0
16-06-2014 14:15:10 [Thread-3] INFO  com.elyxor.xeros.ldcs.dai.DaiPort - Started listening on port /dev/ttyUSB1
16-06-2014 14:16:03 [Thread-3] WARN  com.elyxor.xeros.ldcs.dai.DaiPort - Could not open port
jssc.SerialPortException: Port name - /dev/ttyUSB1; Method name - openPort(); Exception type - Port busy.
	at jssc.SerialPort.openPort(SerialPort.java:164) ~[jssc-2.8.0.jar:na]
	at com.elyxor.xeros.ldcs.dai.DaiPort.openPort(DaiPort.java:53) ~[classes/:na]
	at com.elyxor.xeros.ldcs.dai.PortManager.portAdded(PortManager.java:67) [classes/:na]
	at com.elyxor.xeros.ldcs.dai.PortFinder.run(PortFinder.java:34) [classes/:na]
	at java.lang.Thread.run(Thread.java:745) [na:1.8.0_05]
16-06-2014 14:16:32 [Thread-1] INFO  c.elyxor.xeros.ldcs.CommandListener - Listening to command line inputs
16-06-2014 14:16:32 [main] INFO  c.e.xeros.ldcs.AppConfiguration - loading config from [ldcs.properties]
16-06-2014 14:16:32 [main] WARN  c.e.xeros.ldcs.AppConfiguration - [ldcs.properties] not found
16-06-2014 14:16:32 [main] INFO  c.e.xeros.ldcs.AppConfiguration - loading config from [application.properties]
16-06-2014 14:16:33 [main] INFO  org.quartz.impl.StdSchedulerFactory - Using default implementation for ThreadExecutor
16-06-2014 14:16:33 [main] INFO  o.quartz.core.SchedulerSignalerImpl - Initialized Scheduler Signaller of type: class org.quartz.core.SchedulerSignalerImpl
16-06-2014 14:16:33 [main] INFO  org.quartz.core.QuartzScheduler - Quartz Scheduler v.2.2.1 created.
16-06-2014 14:16:33 [main] INFO  org.quartz.simpl.RAMJobStore - RAMJobStore initialized.
16-06-2014 14:16:33 [main] INFO  org.quartz.core.QuartzScheduler - Scheduler meta-data: Quartz Scheduler (v2.2.1) 'ldcsScheduler' with instanceId 'NON_CLUSTERED'
  Scheduler class: 'org.quartz.core.QuartzScheduler' - running locally.
  NOT STARTED.
  Currently in standby mode.
  Number of jobs executed: 0
  Using thread pool 'org.quartz.simpl.SimpleThreadPool' - with 3 threads.
  Using job-store 'org.quartz.simpl.RAMJobStore' - which does not support persistence. and is not clustered.

16-06-2014 14:16:33 [main] INFO  org.quartz.impl.StdSchedulerFactory - Quartz scheduler 'ldcsScheduler' initialized from default resource file in Quartz package: 'quartz.properties'
16-06-2014 14:16:33 [main] INFO  org.quartz.impl.StdSchedulerFactory - Quartz scheduler version: 2.2.1
16-06-2014 14:16:33 [main] INFO  c.elyxor.xeros.ldcs.dai.PortManager - scheduled clock set job, next fire time: Sun Jun 22 01:00:00 EDT 2014
16-06-2014 14:16:33 [main] INFO  org.quartz.core.QuartzScheduler - Scheduler ldcsScheduler_$_NON_CLUSTERED started.
16-06-2014 14:16:33 [main] INFO  c.elyxor.xeros.ldcs.dai.PortManager - Started watching ports for changes
16-06-2014 14:16:38 [Thread-3] INFO  com.elyxor.xeros.ldcs.dai.DaiPort - Started listening on port /dev/ttyUSB0
16-06-2014 14:16:56 [Thread-3] INFO  com.elyxor.xeros.ldcs.dai.DaiPort - Started listening on port /dev/ttyUSB1
16-06-2014 14:17:17 [Thread-3] INFO  com.elyxor.xeros.ldcs.dai.DaiPort - Started listening on port /dev/ttyUSB2
16-06-2014 14:17:40 [Thread-3] INFO  c.elyxor.xeros.ldcs.dai.PortManager - Assigned DAI ID str3 to port /dev/ttyUSB2
16-06-2014 14:18:04 [Thread-3] INFO  com.elyxor.xeros.ldcs.dai.DaiPort - Started listening on port /dev/ttyUSB0
16-06-2014 14:19:00 [Thread-3] INFO  com.elyxor.xeros.ldcs.dai.DaiPort - Started listening on port /dev/ttyUSB1
16-06-2014 14:20:55 [Thread-3] INFO  com.elyxor.xeros.ldcs.dai.DaiPort - Started listening on port /dev/ttyUSB2
16-06-2014 14:22:38 [Thread-3] WARN  com.elyxor.xeros.ldcs.dai.DaiPort - Failed to close port /dev/ttyUSB0
16-06-2014 14:24:20 [Thread-3] INFO  com.elyxor.xeros.ldcs.dai.DaiPort - Started listening on port /dev/ttyUSB0
16-06-2014 14:24:44 [Thread-3] INFO  com.elyxor.xeros.ldcs.dai.DaiPort - Started listening on port /dev/ttyUSB1
16-06-2014 14:24:58 [Thread-3] INFO  com.elyxor.xeros.ldcs.dai.DaiPort - Started listening on port /dev/ttyUSB2
16-06-2014 14:26:53 [Thread-3] INFO  com.elyxor.xeros.ldcs.dai.DaiPort - Started listening on port /dev/ttyUSB0
16-06-2014 14:27:01 [Thread-3] INFO  c.elyxor.xeros.ldcs.dai.PortManager - Found existing DAI with ID str1on port/dev/ttyUSB0
16-06-2014 14:27:07 [Thread-3] INFO  com.elyxor.xeros.ldcs.dai.DaiPort - Started listening on port /dev/ttyUSB1
16-06-2014 14:27:18 [Thread-3] INFO  c.elyxor.xeros.ldcs.dai.PortManager - Found existing DAI with ID str2on port/dev/ttyUSB1
16-06-2014 14:27:23 [Thread-3] INFO  com.elyxor.xeros.ldcs.dai.DaiPort - Started listening on port /dev/ttyUSB2
16-06-2014 14:27:30 [Thread-3] INFO  c.elyxor.xeros.ldcs.dai.PortManager - Found existing DAI with ID str3 on port/dev/ttyUSB2
16-06-2014 14:27:43 [Thread-1] INFO  c.e.xeros.ldcs.util.FileLogWriter - Wrote log to file -str3Log.txt
16-06-2014 14:27:43 [Thread-1] INFO  com.elyxor.xeros.ldcs.dai.DaiPort - Wrote log to file
16-06-2014 14:27:53 [Thread-1] INFO  c.e.xeros.ldcs.util.FileLogWriter - Wrote log to file -str3Log.txt
16-06-2014 14:27:53 [Thread-1] INFO  com.elyxor.xeros.ldcs.dai.DaiPort - Wrote log to file
16-06-2014 14:28:28 [Thread-1] INFO  c.e.xeros.ldcs.util.FileLogWriter - Wrote log to file 0 : 0 : 0.0-str2Log.txt
16-06-2014 14:28:28 [Thread-1] INFO  com.elyxor.xeros.ldcs.dai.DaiPort - Wrote log to file
16-06-2014 14:28:38 [Thread-1] INFO  c.e.xeros.ldcs.util.FileLogWriter - Wrote log to file -str3Log.txt
16-06-2014 14:28:38 [Thread-1] INFO  com.elyxor.xeros.ldcs.dai.DaiPort - Wrote log to file
16-06-2014 14:28:45 [Thread-1] INFO  c.e.xeros.ldcs.util.FileLogWriter - Wrote log to file -str3Log.txt
16-06-2014 14:28:45 [Thread-1] INFO  com.elyxor.xeros.ldcs.dai.DaiPort - Wrote log to file
16-06-2014 15:01:02 [Thread-1] INFO  c.elyxor.xeros.ldcs.CommandListener - Listening to command line inputs
16-06-2014 15:01:02 [main] INFO  c.e.xeros.ldcs.AppConfiguration - loading config from [ldcs.properties]
16-06-2014 15:01:02 [main] WARN  c.e.xeros.ldcs.AppConfiguration - [ldcs.properties] not found
16-06-2014 15:01:02 [main] INFO  c.e.xeros.ldcs.AppConfiguration - loading config from [application.properties]
16-06-2014 15:01:02 [main] INFO  org.quartz.impl.StdSchedulerFactory - Using default implementation for ThreadExecutor
16-06-2014 15:01:02 [main] INFO  o.quartz.core.SchedulerSignalerImpl - Initialized Scheduler Signaller of type: class org.quartz.core.SchedulerSignalerImpl
16-06-2014 15:01:02 [main] INFO  org.quartz.core.QuartzScheduler - Quartz Scheduler v.2.2.1 created.
16-06-2014 15:01:02 [main] INFO  org.quartz.simpl.RAMJobStore - RAMJobStore initialized.
16-06-2014 15:01:02 [main] INFO  org.quartz.core.QuartzScheduler - Scheduler meta-data: Quartz Scheduler (v2.2.1) 'ldcsScheduler' with instanceId 'NON_CLUSTERED'
  Scheduler class: 'org.quartz.core.QuartzScheduler' - running locally.
  NOT STARTED.
  Currently in standby mode.
  Number of jobs executed: 0
  Using thread pool 'org.quartz.simpl.SimpleThreadPool' - with 3 threads.
  Using job-store 'org.quartz.simpl.RAMJobStore' - which does not support persistence. and is not clustered.

16-06-2014 15:01:02 [main] INFO  org.quartz.impl.StdSchedulerFactory - Quartz scheduler 'ldcsScheduler' initialized from default resource file in Quartz package: 'quartz.properties'
16-06-2014 15:01:02 [main] INFO  org.quartz.impl.StdSchedulerFactory - Quartz scheduler version: 2.2.1
16-06-2014 15:01:02 [main] INFO  c.elyxor.xeros.ldcs.dai.PortManager - scheduled clock set job, next fire time: Sun Jun 22 01:00:00 EDT 2014
16-06-2014 15:01:02 [main] INFO  org.quartz.core.QuartzScheduler - Scheduler ldcsScheduler_$_NON_CLUSTERED started.
16-06-2014 15:01:02 [main] INFO  c.elyxor.xeros.ldcs.dai.PortManager - Started watching ports for changes
16-06-2014 15:01:02 [Thread-3] WARN  com.elyxor.xeros.ldcs.dai.DaiPort - Could not open port
jssc.SerialPortException: Port name - /dev/ttyUSB0; Method name - openPort(); Exception type - Port busy.
	at jssc.SerialPort.openPort(SerialPort.java:164) ~[jssc-2.8.0.jar:na]
	at com.elyxor.xeros.ldcs.dai.DaiPort.openPort(DaiPort.java:53) ~[classes/:na]
	at com.elyxor.xeros.ldcs.dai.PortManager.portAdded(PortManager.java:67) [classes/:na]
	at com.elyxor.xeros.ldcs.dai.PortFinder.run(PortFinder.java:34) [classes/:na]
	at java.lang.Thread.run(Thread.java:745) [na:1.8.0_05]
16-06-2014 15:01:37 [Thread-1] INFO  c.elyxor.xeros.ldcs.CommandListener - Listening to command line inputs
16-06-2014 15:01:37 [main] INFO  c.e.xeros.ldcs.AppConfiguration - loading config from [ldcs.properties]
16-06-2014 15:01:37 [main] WARN  c.e.xeros.ldcs.AppConfiguration - [ldcs.properties] not found
16-06-2014 15:01:37 [main] INFO  c.e.xeros.ldcs.AppConfiguration - loading config from [application.properties]
16-06-2014 15:01:37 [main] INFO  org.quartz.impl.StdSchedulerFactory - Using default implementation for ThreadExecutor
16-06-2014 15:01:37 [main] INFO  o.quartz.core.SchedulerSignalerImpl - Initialized Scheduler Signaller of type: class org.quartz.core.SchedulerSignalerImpl
16-06-2014 15:01:37 [main] INFO  org.quartz.core.QuartzScheduler - Quartz Scheduler v.2.2.1 created.
16-06-2014 15:01:37 [main] INFO  org.quartz.simpl.RAMJobStore - RAMJobStore initialized.
16-06-2014 15:01:37 [main] INFO  org.quartz.core.QuartzScheduler - Scheduler meta-data: Quartz Scheduler (v2.2.1) 'ldcsScheduler' with instanceId 'NON_CLUSTERED'
  Scheduler class: 'org.quartz.core.QuartzScheduler' - running locally.
  NOT STARTED.
  Currently in standby mode.
  Number of jobs executed: 0
  Using thread pool 'org.quartz.simpl.SimpleThreadPool' - with 3 threads.
  Using job-store 'org.quartz.simpl.RAMJobStore' - which does not support persistence. and is not clustered.

16-06-2014 15:01:37 [main] INFO  org.quartz.impl.StdSchedulerFactory - Quartz scheduler 'ldcsScheduler' initialized from default resource file in Quartz package: 'quartz.properties'
16-06-2014 15:01:37 [main] INFO  org.quartz.impl.StdSchedulerFactory - Quartz scheduler version: 2.2.1
16-06-2014 15:01:37 [main] INFO  c.elyxor.xeros.ldcs.dai.PortManager - scheduled clock set job, next fire time: Sun Jun 22 01:00:00 EDT 2014
16-06-2014 15:01:37 [main] INFO  org.quartz.core.QuartzScheduler - Scheduler ldcsScheduler_$_NON_CLUSTERED started.
16-06-2014 15:01:37 [main] INFO  c.elyxor.xeros.ldcs.dai.PortManager - Started watching ports for changes
16-06-2014 15:01:42 [Thread-3] INFO  com.elyxor.xeros.ldcs.dai.DaiPort - Started listening on port /dev/ttyUSB0
16-06-2014 15:01:50 [Thread-3] INFO  c.elyxor.xeros.ldcs.dai.PortManager - Found existing DAI with ID str1 on port/dev/ttyUSB0
16-06-2014 15:01:56 [Thread-3] INFO  com.elyxor.xeros.ldcs.dai.DaiPort - Started listening on port /dev/ttyUSB1
16-06-2014 15:02:03 [Thread-3] INFO  c.elyxor.xeros.ldcs.dai.PortManager - Found existing DAI with ID str2 on port/dev/ttyUSB1
16-06-2014 15:02:10 [Thread-3] INFO  com.elyxor.xeros.ldcs.dai.DaiPort - Started listening on port /dev/ttyUSB2
16-06-2014 15:02:17 [Thread-3] INFO  c.elyxor.xeros.ldcs.dai.PortManager - Found existing DAI with ID str3 on port/dev/ttyUSB2
16-06-2014 15:10:14 [Thread-1] INFO  c.elyxor.xeros.ldcs.CommandListener - Listening to command line inputs
16-06-2014 15:10:14 [main] INFO  c.e.xeros.ldcs.AppConfiguration - loading config from [ldcs.properties]
16-06-2014 15:10:14 [main] WARN  c.e.xeros.ldcs.AppConfiguration - [ldcs.properties] not found
16-06-2014 15:10:14 [main] INFO  c.e.xeros.ldcs.AppConfiguration - loading config from [application.properties]
16-06-2014 15:10:14 [main] INFO  org.quartz.impl.StdSchedulerFactory - Using default implementation for ThreadExecutor
16-06-2014 15:10:14 [main] INFO  o.quartz.core.SchedulerSignalerImpl - Initialized Scheduler Signaller of type: class org.quartz.core.SchedulerSignalerImpl
16-06-2014 15:10:14 [main] INFO  org.quartz.core.QuartzScheduler - Quartz Scheduler v.2.2.1 created.
16-06-2014 15:10:14 [main] INFO  org.quartz.simpl.RAMJobStore - RAMJobStore initialized.
16-06-2014 15:10:14 [main] INFO  org.quartz.core.QuartzScheduler - Scheduler meta-data: Quartz Scheduler (v2.2.1) 'ldcsScheduler' with instanceId 'NON_CLUSTERED'
  Scheduler class: 'org.quartz.core.QuartzScheduler' - running locally.
  NOT STARTED.
  Currently in standby mode.
  Number of jobs executed: 0
  Using thread pool 'org.quartz.simpl.SimpleThreadPool' - with 3 threads.
  Using job-store 'org.quartz.simpl.RAMJobStore' - which does not support persistence. and is not clustered.

16-06-2014 15:10:14 [main] INFO  org.quartz.impl.StdSchedulerFactory - Quartz scheduler 'ldcsScheduler' initialized from default resource file in Quartz package: 'quartz.properties'
16-06-2014 15:10:14 [main] INFO  org.quartz.impl.StdSchedulerFactory - Quartz scheduler version: 2.2.1
16-06-2014 15:10:14 [main] INFO  c.elyxor.xeros.ldcs.dai.PortManager - scheduled clock set job, next fire time: Sun Jun 22 01:00:00 EDT 2014
16-06-2014 15:10:14 [main] INFO  org.quartz.core.QuartzScheduler - Scheduler ldcsScheduler_$_NON_CLUSTERED started.
16-06-2014 15:10:14 [main] INFO  c.elyxor.xeros.ldcs.dai.PortManager - Started watching ports for changes
16-06-2014 15:10:19 [Thread-3] INFO  com.elyxor.xeros.ldcs.dai.DaiPort - Started listening on port /dev/ttyUSB0
16-06-2014 15:10:24 [Thread-3] INFO  c.elyxor.xeros.ldcs.dai.PortManager - Found existing DAI with ID str1 on port/dev/ttyUSB0
16-06-2014 15:10:24 [Thread-3] WARN  com.elyxor.xeros.ldcs.dai.DaiPort - Could not open port
jssc.SerialPortException: Port name - /dev/ttyUSB1; Method name - openPort(); Exception type - Port busy.
	at jssc.SerialPort.openPort(SerialPort.java:164) ~[jssc-2.8.0.jar:na]
	at com.elyxor.xeros.ldcs.dai.DaiPort.openPort(DaiPort.java:53) ~[classes/:na]
	at com.elyxor.xeros.ldcs.dai.PortManager.portAdded(PortManager.java:67) [classes/:na]
	at com.elyxor.xeros.ldcs.dai.PortFinder.run(PortFinder.java:34) [classes/:na]
	at java.lang.Thread.run(Thread.java:745) [na:1.8.0_05]
16-06-2014 15:10:29 [Thread-3] INFO  com.elyxor.xeros.ldcs.dai.DaiPort - Started listening on port /dev/ttyUSB2
16-06-2014 15:10:43 [Thread-1] INFO  c.elyxor.xeros.ldcs.CommandListener - Listening to command line inputs
16-06-2014 15:10:43 [main] INFO  c.e.xeros.ldcs.AppConfiguration - loading config from [ldcs.properties]
16-06-2014 15:10:43 [main] WARN  c.e.xeros.ldcs.AppConfiguration - [ldcs.properties] not found
16-06-2014 15:10:43 [main] INFO  c.e.xeros.ldcs.AppConfiguration - loading config from [application.properties]
16-06-2014 15:10:43 [main] INFO  org.quartz.impl.StdSchedulerFactory - Using default implementation for ThreadExecutor
16-06-2014 15:10:43 [main] INFO  o.quartz.core.SchedulerSignalerImpl - Initialized Scheduler Signaller of type: class org.quartz.core.SchedulerSignalerImpl
16-06-2014 15:10:43 [main] INFO  org.quartz.core.QuartzScheduler - Quartz Scheduler v.2.2.1 created.
16-06-2014 15:10:43 [main] INFO  org.quartz.simpl.RAMJobStore - RAMJobStore initialized.
16-06-2014 15:10:43 [main] INFO  org.quartz.core.QuartzScheduler - Scheduler meta-data: Quartz Scheduler (v2.2.1) 'ldcsScheduler' with instanceId 'NON_CLUSTERED'
  Scheduler class: 'org.quartz.core.QuartzScheduler' - running locally.
  NOT STARTED.
  Currently in standby mode.
  Number of jobs executed: 0
  Using thread pool 'org.quartz.simpl.SimpleThreadPool' - with 3 threads.
  Using job-store 'org.quartz.simpl.RAMJobStore' - which does not support persistence. and is not clustered.

16-06-2014 15:10:43 [main] INFO  org.quartz.impl.StdSchedulerFactory - Quartz scheduler 'ldcsScheduler' initialized from default resource file in Quartz package: 'quartz.properties'
16-06-2014 15:10:43 [main] INFO  org.quartz.impl.StdSchedulerFactory - Quartz scheduler version: 2.2.1
16-06-2014 15:10:43 [main] INFO  c.elyxor.xeros.ldcs.dai.PortManager - scheduled clock set job, next fire time: Sun Jun 22 01:00:00 EDT 2014
16-06-2014 15:10:43 [main] INFO  org.quartz.core.QuartzScheduler - Scheduler ldcsScheduler_$_NON_CLUSTERED started.
16-06-2014 15:10:43 [main] INFO  c.elyxor.xeros.ldcs.dai.PortManager - Started watching ports for changes
16-06-2014 15:10:48 [Thread-3] INFO  com.elyxor.xeros.ldcs.dai.DaiPort - Started listening on port /dev/ttyUSB0
16-06-2014 15:10:53 [Thread-3] INFO  c.elyxor.xeros.ldcs.dai.PortManager - Found existing DAI with ID str1 on port/dev/ttyUSB0
16-06-2014 15:10:53 [Thread-3] WARN  com.elyxor.xeros.ldcs.dai.DaiPort - Could not open port
jssc.SerialPortException: Port name - /dev/ttyUSB1; Method name - openPort(); Exception type - Port busy.
	at jssc.SerialPort.openPort(SerialPort.java:164) ~[jssc-2.8.0.jar:na]
	at com.elyxor.xeros.ldcs.dai.DaiPort.openPort(DaiPort.java:53) ~[classes/:na]
	at com.elyxor.xeros.ldcs.dai.PortManager.portAdded(PortManager.java:67) [classes/:na]
	at com.elyxor.xeros.ldcs.dai.PortFinder.run(PortFinder.java:34) [classes/:na]
	at java.lang.Thread.run(Thread.java:745) [na:1.8.0_05]
16-06-2014 15:10:58 [Thread-3] INFO  com.elyxor.xeros.ldcs.dai.DaiPort - Started listening on port /dev/ttyUSB2
16-06-2014 15:11:03 [Thread-3] INFO  c.elyxor.xeros.ldcs.dai.PortManager - Found existing DAI with ID str3 on port/dev/ttyUSB2
16-06-2014 15:11:25 [Thread-3] INFO  com.elyxor.xeros.ldcs.dai.DaiPort - Started listening on port /dev/ttyUSB1
16-06-2014 15:11:30 [Thread-3] INFO  c.elyxor.xeros.ldcs.dai.PortManager - Found existing DAI with ID str2 on port/dev/ttyUSB1
16-06-2014 15:17:42 [Thread-1] INFO  c.elyxor.xeros.ldcs.CommandListener - Listening to command line inputs
16-06-2014 15:17:42 [main] INFO  c.e.xeros.ldcs.AppConfiguration - loading config from [ldcs.properties]
16-06-2014 15:17:42 [main] WARN  c.e.xeros.ldcs.AppConfiguration - [ldcs.properties] not found
16-06-2014 15:17:42 [main] INFO  c.e.xeros.ldcs.AppConfiguration - loading config from [application.properties]
16-06-2014 15:17:42 [main] INFO  org.quartz.impl.StdSchedulerFactory - Using default implementation for ThreadExecutor
16-06-2014 15:17:42 [main] INFO  o.quartz.core.SchedulerSignalerImpl - Initialized Scheduler Signaller of type: class org.quartz.core.SchedulerSignalerImpl
16-06-2014 15:17:42 [main] INFO  org.quartz.core.QuartzScheduler - Quartz Scheduler v.2.2.1 created.
16-06-2014 15:17:42 [main] INFO  org.quartz.simpl.RAMJobStore - RAMJobStore initialized.
16-06-2014 15:17:42 [main] INFO  org.quartz.core.QuartzScheduler - Scheduler meta-data: Quartz Scheduler (v2.2.1) 'ldcsScheduler' with instanceId 'NON_CLUSTERED'
  Scheduler class: 'org.quartz.core.QuartzScheduler' - running locally.
  NOT STARTED.
  Currently in standby mode.
  Number of jobs executed: 0
  Using thread pool 'org.quartz.simpl.SimpleThreadPool' - with 3 threads.
  Using job-store 'org.quartz.simpl.RAMJobStore' - which does not support persistence. and is not clustered.

16-06-2014 15:17:42 [main] INFO  org.quartz.impl.StdSchedulerFactory - Quartz scheduler 'ldcsScheduler' initialized from default resource file in Quartz package: 'quartz.properties'
16-06-2014 15:17:42 [main] INFO  org.quartz.impl.StdSchedulerFactory - Quartz scheduler version: 2.2.1
16-06-2014 15:17:42 [main] INFO  c.elyxor.xeros.ldcs.dai.PortManager - scheduled clock set job, next fire time: Sun Jun 22 01:00:00 EDT 2014
16-06-2014 15:17:42 [main] INFO  org.quartz.core.QuartzScheduler - Scheduler ldcsScheduler_$_NON_CLUSTERED started.
16-06-2014 15:17:42 [main] INFO  c.elyxor.xeros.ldcs.dai.PortManager - Started watching ports for changes
16-06-2014 15:17:42 [Thread-3] WARN  com.elyxor.xeros.ldcs.dai.DaiPort - Could not open port
jssc.SerialPortException: Port name - /dev/ttyUSB0; Method name - openPort(); Exception type - Port busy.
	at jssc.SerialPort.openPort(SerialPort.java:164) ~[jssc-2.8.0.jar:na]
	at com.elyxor.xeros.ldcs.dai.DaiPort.openPort(DaiPort.java:53) ~[classes/:na]
	at com.elyxor.xeros.ldcs.dai.PortManager.portAdded(PortManager.java:67) [classes/:na]
	at com.elyxor.xeros.ldcs.dai.PortFinder.run(PortFinder.java:34) [classes/:na]
	at java.lang.Thread.run(Thread.java:745) [na:1.8.0_05]
16-06-2014 15:17:47 [Thread-3] INFO  com.elyxor.xeros.ldcs.dai.DaiPort - Started listening on port /dev/ttyUSB1
16-06-2014 15:17:52 [Thread-3] INFO  c.elyxor.xeros.ldcs.dai.PortManager - Found existing DAI with ID str2 on port/dev/ttyUSB1
16-06-2014 15:17:57 [Thread-3] INFO  com.elyxor.xeros.ldcs.dai.DaiPort - Started listening on port /dev/ttyUSB2
16-06-2014 15:18:02 [Thread-3] INFO  c.elyxor.xeros.ldcs.dai.PortManager - Found existing DAI with ID str3 on port/dev/ttyUSB2
16-06-2014 15:19:14 [Thread-3] INFO  com.elyxor.xeros.ldcs.dai.DaiPort - Started listening on port /dev/ttyUSB0
16-06-2014 15:20:35 [Thread-1] INFO  c.elyxor.xeros.ldcs.CommandListener - Listening to command line inputs
16-06-2014 15:20:35 [main] INFO  c.e.xeros.ldcs.AppConfiguration - loading config from [ldcs.properties]
16-06-2014 15:20:35 [main] WARN  c.e.xeros.ldcs.AppConfiguration - [ldcs.properties] not found
16-06-2014 15:20:35 [main] INFO  c.e.xeros.ldcs.AppConfiguration - loading config from [application.properties]
16-06-2014 15:20:35 [main] INFO  org.quartz.impl.StdSchedulerFactory - Using default implementation for ThreadExecutor
16-06-2014 15:20:35 [main] INFO  o.quartz.core.SchedulerSignalerImpl - Initialized Scheduler Signaller of type: class org.quartz.core.SchedulerSignalerImpl
16-06-2014 15:20:35 [main] INFO  org.quartz.core.QuartzScheduler - Quartz Scheduler v.2.2.1 created.
16-06-2014 15:20:35 [main] INFO  org.quartz.simpl.RAMJobStore - RAMJobStore initialized.
16-06-2014 15:20:35 [main] INFO  org.quartz.core.QuartzScheduler - Scheduler meta-data: Quartz Scheduler (v2.2.1) 'ldcsScheduler' with instanceId 'NON_CLUSTERED'
  Scheduler class: 'org.quartz.core.QuartzScheduler' - running locally.
  NOT STARTED.
  Currently in standby mode.
  Number of jobs executed: 0
  Using thread pool 'org.quartz.simpl.SimpleThreadPool' - with 3 threads.
  Using job-store 'org.quartz.simpl.RAMJobStore' - which does not support persistence. and is not clustered.

16-06-2014 15:20:35 [main] INFO  org.quartz.impl.StdSchedulerFactory - Quartz scheduler 'ldcsScheduler' initialized from default resource file in Quartz package: 'quartz.properties'
16-06-2014 15:20:35 [main] INFO  org.quartz.impl.StdSchedulerFactory - Quartz scheduler version: 2.2.1
16-06-2014 15:20:35 [main] INFO  c.elyxor.xeros.ldcs.dai.PortManager - scheduled clock set job, next fire time: Sun Jun 22 01:00:00 EDT 2014
16-06-2014 15:20:35 [main] INFO  org.quartz.core.QuartzScheduler - Scheduler ldcsScheduler_$_NON_CLUSTERED started.
16-06-2014 15:20:35 [main] INFO  c.elyxor.xeros.ldcs.dai.PortManager - Started watching ports for changes
16-06-2014 15:20:40 [Thread-3] INFO  com.elyxor.xeros.ldcs.dai.DaiPort - Started listening on port /dev/ttyUSB1
16-06-2014 15:20:45 [Thread-3] INFO  c.elyxor.xeros.ldcs.dai.PortManager - Found existing DAI with ID str2 on port/dev/ttyUSB1
16-06-2014 15:20:50 [Thread-3] INFO  com.elyxor.xeros.ldcs.dai.DaiPort - Started listening on port /dev/ttyUSB2
16-06-2014 15:20:55 [Thread-3] INFO  c.elyxor.xeros.ldcs.dai.PortManager - Found existing DAI with ID str3 on port/dev/ttyUSB2
16-06-2014 15:21:00 [Thread-3] INFO  com.elyxor.xeros.ldcs.dai.DaiPort - Started listening on port /dev/ttyUSB3
16-06-2014 15:21:05 [Thread-3] INFO  c.elyxor.xeros.ldcs.dai.PortManager - Found existing DAI with ID str1 on port/dev/ttyUSB3
16-06-2014 15:32:33 [Thread-1] INFO  c.elyxor.xeros.ldcs.CommandListener - Listening to command line inputs
16-06-2014 15:32:33 [main] INFO  c.e.xeros.ldcs.AppConfiguration - loading config from [ldcs.properties]
16-06-2014 15:32:33 [main] WARN  c.e.xeros.ldcs.AppConfiguration - [ldcs.properties] not found
16-06-2014 15:32:33 [main] INFO  c.e.xeros.ldcs.AppConfiguration - loading config from [application.properties]
16-06-2014 15:32:33 [main] INFO  org.quartz.impl.StdSchedulerFactory - Using default implementation for ThreadExecutor
16-06-2014 15:32:33 [main] INFO  o.quartz.core.SchedulerSignalerImpl - Initialized Scheduler Signaller of type: class org.quartz.core.SchedulerSignalerImpl
16-06-2014 15:32:33 [main] INFO  org.quartz.core.QuartzScheduler - Quartz Scheduler v.2.2.1 created.
16-06-2014 15:32:33 [main] INFO  org.quartz.simpl.RAMJobStore - RAMJobStore initialized.
16-06-2014 15:32:33 [main] INFO  org.quartz.core.QuartzScheduler - Scheduler meta-data: Quartz Scheduler (v2.2.1) 'ldcsScheduler' with instanceId 'NON_CLUSTERED'
  Scheduler class: 'org.quartz.core.QuartzScheduler' - running locally.
  NOT STARTED.
  Currently in standby mode.
  Number of jobs executed: 0
  Using thread pool 'org.quartz.simpl.SimpleThreadPool' - with 3 threads.
  Using job-store 'org.quartz.simpl.RAMJobStore' - which does not support persistence. and is not clustered.

16-06-2014 15:32:33 [main] INFO  org.quartz.impl.StdSchedulerFactory - Quartz scheduler 'ldcsScheduler' initialized from default resource file in Quartz package: 'quartz.properties'
16-06-2014 15:32:33 [main] INFO  org.quartz.impl.StdSchedulerFactory - Quartz scheduler version: 2.2.1
16-06-2014 15:32:33 [main] INFO  c.elyxor.xeros.ldcs.dai.PortManager - scheduled clock set job, next fire time: Sun Jun 22 01:00:00 EDT 2014
16-06-2014 15:32:33 [main] INFO  org.quartz.core.QuartzScheduler - Scheduler ldcsScheduler_$_NON_CLUSTERED started.
16-06-2014 15:32:33 [main] INFO  c.elyxor.xeros.ldcs.dai.PortManager - Started watching ports for changes
16-06-2014 15:32:33 [Thread-3] WARN  com.elyxor.xeros.ldcs.dai.DaiPort - Could not open port
jssc.SerialPortException: Port name - /dev/ttyUSB1; Method name - openPort(); Exception type - Port busy.
	at jssc.SerialPort.openPort(SerialPort.java:164) ~[jssc-2.8.0.jar:na]
	at com.elyxor.xeros.ldcs.dai.DaiPort.openPort(DaiPort.java:53) ~[classes/:na]
	at com.elyxor.xeros.ldcs.dai.PortManager.portAdded(PortManager.java:67) [classes/:na]
	at com.elyxor.xeros.ldcs.dai.PortFinder.run(PortFinder.java:34) [classes/:na]
	at java.lang.Thread.run(Thread.java:745) [na:1.8.0_05]
16-06-2014 15:32:40 [Thread-1] INFO  c.elyxor.xeros.ldcs.CommandListener - Listening to command line inputs
16-06-2014 15:32:40 [main] INFO  c.e.xeros.ldcs.AppConfiguration - loading config from [ldcs.properties]
16-06-2014 15:32:40 [main] WARN  c.e.xeros.ldcs.AppConfiguration - [ldcs.properties] not found
16-06-2014 15:32:40 [main] INFO  c.e.xeros.ldcs.AppConfiguration - loading config from [application.properties]
16-06-2014 15:32:40 [main] INFO  org.quartz.impl.StdSchedulerFactory - Using default implementation for ThreadExecutor
16-06-2014 15:32:40 [main] INFO  o.quartz.core.SchedulerSignalerImpl - Initialized Scheduler Signaller of type: class org.quartz.core.SchedulerSignalerImpl
16-06-2014 15:32:40 [main] INFO  org.quartz.core.QuartzScheduler - Quartz Scheduler v.2.2.1 created.
16-06-2014 15:32:40 [main] INFO  org.quartz.simpl.RAMJobStore - RAMJobStore initialized.
16-06-2014 15:32:40 [main] INFO  org.quartz.core.QuartzScheduler - Scheduler meta-data: Quartz Scheduler (v2.2.1) 'ldcsScheduler' with instanceId 'NON_CLUSTERED'
  Scheduler class: 'org.quartz.core.QuartzScheduler' - running locally.
  NOT STARTED.
  Currently in standby mode.
  Number of jobs executed: 0
  Using thread pool 'org.quartz.simpl.SimpleThreadPool' - with 3 threads.
  Using job-store 'org.quartz.simpl.RAMJobStore' - which does not support persistence. and is not clustered.

16-06-2014 15:32:40 [main] INFO  org.quartz.impl.StdSchedulerFactory - Quartz scheduler 'ldcsScheduler' initialized from default resource file in Quartz package: 'quartz.properties'
16-06-2014 15:32:40 [main] INFO  org.quartz.impl.StdSchedulerFactory - Quartz scheduler version: 2.2.1
16-06-2014 15:32:40 [main] INFO  c.elyxor.xeros.ldcs.dai.PortManager - scheduled clock set job, next fire time: Sun Jun 22 01:00:00 EDT 2014
16-06-2014 15:32:40 [main] INFO  org.quartz.core.QuartzScheduler - Scheduler ldcsScheduler_$_NON_CLUSTERED started.
16-06-2014 15:32:40 [main] INFO  c.elyxor.xeros.ldcs.dai.PortManager - Started watching ports for changes
16-06-2014 15:32:45 [Thread-3] INFO  com.elyxor.xeros.ldcs.dai.DaiPort - Started listening on port /dev/ttyUSB1
16-06-2014 15:32:50 [Thread-3] INFO  c.elyxor.xeros.ldcs.dai.PortManager - Found existing DAI with ID str2 on port/dev/ttyUSB1
16-06-2014 15:32:55 [Thread-3] INFO  com.elyxor.xeros.ldcs.dai.DaiPort - Started listening on port /dev/ttyUSB2
16-06-2014 15:33:00 [Thread-3] INFO  c.elyxor.xeros.ldcs.dai.PortManager - Found existing DAI with ID str3 on port/dev/ttyUSB2
16-06-2014 15:33:05 [Thread-3] INFO  com.elyxor.xeros.ldcs.dai.DaiPort - Started listening on port /dev/ttyUSB3
16-06-2014 15:44:48 [Thread-1] INFO  c.elyxor.xeros.ldcs.CommandListener - Listening to command line inputs
16-06-2014 15:44:48 [main] INFO  c.e.xeros.ldcs.AppConfiguration - loading config from [ldcs.properties]
16-06-2014 15:44:48 [main] WARN  c.e.xeros.ldcs.AppConfiguration - [ldcs.properties] not found
16-06-2014 15:44:48 [main] INFO  c.e.xeros.ldcs.AppConfiguration - loading config from [application.properties]
16-06-2014 15:44:48 [main] INFO  org.quartz.impl.StdSchedulerFactory - Using default implementation for ThreadExecutor
16-06-2014 15:44:48 [main] INFO  o.quartz.core.SchedulerSignalerImpl - Initialized Scheduler Signaller of type: class org.quartz.core.SchedulerSignalerImpl
16-06-2014 15:44:48 [main] INFO  org.quartz.core.QuartzScheduler - Quartz Scheduler v.2.2.1 created.
16-06-2014 15:44:48 [main] INFO  org.quartz.simpl.RAMJobStore - RAMJobStore initialized.
16-06-2014 15:44:48 [main] INFO  org.quartz.core.QuartzScheduler - Scheduler meta-data: Quartz Scheduler (v2.2.1) 'ldcsScheduler' with instanceId 'NON_CLUSTERED'
  Scheduler class: 'org.quartz.core.QuartzScheduler' - running locally.
  NOT STARTED.
  Currently in standby mode.
  Number of jobs executed: 0
  Using thread pool 'org.quartz.simpl.SimpleThreadPool' - with 3 threads.
  Using job-store 'org.quartz.simpl.RAMJobStore' - which does not support persistence. and is not clustered.

16-06-2014 15:44:48 [main] INFO  org.quartz.impl.StdSchedulerFactory - Quartz scheduler 'ldcsScheduler' initialized from default resource file in Quartz package: 'quartz.properties'
16-06-2014 15:44:48 [main] INFO  org.quartz.impl.StdSchedulerFactory - Quartz scheduler version: 2.2.1
16-06-2014 15:44:48 [main] INFO  c.elyxor.xeros.ldcs.dai.PortManager - scheduled clock set job, next fire time: Sun Jun 22 01:00:00 EDT 2014
16-06-2014 15:44:48 [main] INFO  org.quartz.core.QuartzScheduler - Scheduler ldcsScheduler_$_NON_CLUSTERED started.
16-06-2014 15:44:48 [main] INFO  c.elyxor.xeros.ldcs.dai.PortManager - Started watching ports for changes
16-06-2014 15:44:53 [Thread-3] INFO  com.elyxor.xeros.ldcs.dai.DaiPort - Started listening on port /dev/ttyUSB1
16-06-2014 15:44:58 [Thread-3] INFO  c.elyxor.xeros.ldcs.dai.PortManager - Found existing DAI with ID str2 on port/dev/ttyUSB1
16-06-2014 15:45:03 [Thread-3] INFO  com.elyxor.xeros.ldcs.dai.DaiPort - Started listening on port /dev/ttyUSB2
16-06-2014 15:45:08 [Thread-3] INFO  c.elyxor.xeros.ldcs.dai.PortManager - Found existing DAI with ID str3 on port/dev/ttyUSB2
16-06-2014 15:45:13 [Thread-3] INFO  com.elyxor.xeros.ldcs.dai.DaiPort - Started listening on port /dev/ttyUSB3
16-06-2014 15:45:53 [Thread-1] INFO  c.elyxor.xeros.ldcs.CommandListener - Listening to command line inputs
16-06-2014 15:45:53 [main] INFO  c.e.xeros.ldcs.AppConfiguration - loading config from [ldcs.properties]
16-06-2014 15:45:53 [main] WARN  c.e.xeros.ldcs.AppConfiguration - [ldcs.properties] not found
16-06-2014 15:45:53 [main] INFO  c.e.xeros.ldcs.AppConfiguration - loading config from [application.properties]
16-06-2014 15:45:53 [main] INFO  org.quartz.impl.StdSchedulerFactory - Using default implementation for ThreadExecutor
16-06-2014 15:45:53 [main] INFO  o.quartz.core.SchedulerSignalerImpl - Initialized Scheduler Signaller of type: class org.quartz.core.SchedulerSignalerImpl
16-06-2014 15:45:53 [main] INFO  org.quartz.core.QuartzScheduler - Quartz Scheduler v.2.2.1 created.
16-06-2014 15:45:53 [main] INFO  org.quartz.simpl.RAMJobStore - RAMJobStore initialized.
16-06-2014 15:45:53 [main] INFO  org.quartz.core.QuartzScheduler - Scheduler meta-data: Quartz Scheduler (v2.2.1) 'ldcsScheduler' with instanceId 'NON_CLUSTERED'
  Scheduler class: 'org.quartz.core.QuartzScheduler' - running locally.
  NOT STARTED.
  Currently in standby mode.
  Number of jobs executed: 0
  Using thread pool 'org.quartz.simpl.SimpleThreadPool' - with 3 threads.
  Using job-store 'org.quartz.simpl.RAMJobStore' - which does not support persistence. and is not clustered.

16-06-2014 15:45:53 [main] INFO  org.quartz.impl.StdSchedulerFactory - Quartz scheduler 'ldcsScheduler' initialized from default resource file in Quartz package: 'quartz.properties'
16-06-2014 15:45:53 [main] INFO  org.quartz.impl.StdSchedulerFactory - Quartz scheduler version: 2.2.1
16-06-2014 15:45:53 [main] INFO  c.elyxor.xeros.ldcs.dai.PortManager - scheduled clock set job, next fire time: Sun Jun 22 01:00:00 EDT 2014
16-06-2014 15:45:53 [main] INFO  org.quartz.core.QuartzScheduler - Scheduler ldcsScheduler_$_NON_CLUSTERED started.
16-06-2014 15:45:53 [main] INFO  c.elyxor.xeros.ldcs.dai.PortManager - Started watching ports for changes
16-06-2014 15:45:58 [Thread-3] INFO  com.elyxor.xeros.ldcs.dai.DaiPort - Started listening on port /dev/ttyUSB1
16-06-2014 15:46:08 [Thread-3] INFO  c.elyxor.xeros.ldcs.dai.PortManager - Found existing DAI with ID str2 on port/dev/ttyUSB1
16-06-2014 15:46:13 [Thread-3] INFO  com.elyxor.xeros.ldcs.dai.DaiPort - Started listening on port /dev/ttyUSB2
16-06-2014 15:46:21 [Thread-3] INFO  c.elyxor.xeros.ldcs.dai.PortManager - Found existing DAI with ID str3 on port/dev/ttyUSB2
16-06-2014 15:46:26 [Thread-3] INFO  com.elyxor.xeros.ldcs.dai.DaiPort - Started listening on port /dev/ttyUSB3
16-06-2014 15:46:39 [Thread-3] INFO  c.elyxor.xeros.ldcs.dai.PortManager - Found existing DAI with ID str1 on port/dev/ttyUSB3
16-06-2014 15:47:07 [Thread-3] INFO  com.elyxor.xeros.ldcs.dai.DaiPort - Started listening on port /dev/ttyUSB0
16-06-2014 15:47:18 [Thread-3] INFO  c.elyxor.xeros.ldcs.dai.PortManager - Found existing DAI with ID str1 on port/dev/ttyUSB0
16-06-2014 15:47:23 [Thread-3] INFO  com.elyxor.xeros.ldcs.dai.DaiPort - Started listening on port /dev/ttyUSB1
16-06-2014 15:47:47 [Thread-3] INFO  c.elyxor.xeros.ldcs.dai.PortManager - Found existing DAI with ID str2 on port/dev/ttyUSB1
16-06-2014 15:47:52 [Thread-3] INFO  com.elyxor.xeros.ldcs.dai.DaiPort - Started listening on port /dev/ttyUSB2
16-06-2014 15:47:59 [Thread-3] INFO  c.elyxor.xeros.ldcs.dai.PortManager - Found existing DAI with ID str3 on port/dev/ttyUSB2
16-06-2014 15:48:42 [Thread-1] INFO  c.elyxor.xeros.ldcs.CommandListener - Listening to command line inputs
16-06-2014 15:48:42 [main] INFO  c.e.xeros.ldcs.AppConfiguration - loading config from [ldcs.properties]
16-06-2014 15:48:42 [main] WARN  c.e.xeros.ldcs.AppConfiguration - [ldcs.properties] not found
16-06-2014 15:48:42 [main] INFO  c.e.xeros.ldcs.AppConfiguration - loading config from [application.properties]
16-06-2014 15:48:42 [main] INFO  org.quartz.impl.StdSchedulerFactory - Using default implementation for ThreadExecutor
16-06-2014 15:48:42 [main] INFO  o.quartz.core.SchedulerSignalerImpl - Initialized Scheduler Signaller of type: class org.quartz.core.SchedulerSignalerImpl
16-06-2014 15:48:42 [main] INFO  org.quartz.core.QuartzScheduler - Quartz Scheduler v.2.2.1 created.
16-06-2014 15:48:42 [main] INFO  org.quartz.simpl.RAMJobStore - RAMJobStore initialized.
16-06-2014 15:48:42 [main] INFO  org.quartz.core.QuartzScheduler - Scheduler meta-data: Quartz Scheduler (v2.2.1) 'ldcsScheduler' with instanceId 'NON_CLUSTERED'
  Scheduler class: 'org.quartz.core.QuartzScheduler' - running locally.
  NOT STARTED.
  Currently in standby mode.
  Number of jobs executed: 0
  Using thread pool 'org.quartz.simpl.SimpleThreadPool' - with 3 threads.
  Using job-store 'org.quartz.simpl.RAMJobStore' - which does not support persistence. and is not clustered.

16-06-2014 15:48:42 [main] INFO  org.quartz.impl.StdSchedulerFactory - Quartz scheduler 'ldcsScheduler' initialized from default resource file in Quartz package: 'quartz.properties'
16-06-2014 15:48:42 [main] INFO  org.quartz.impl.StdSchedulerFactory - Quartz scheduler version: 2.2.1
16-06-2014 15:48:42 [main] INFO  c.elyxor.xeros.ldcs.dai.PortManager - scheduled clock set job, next fire time: Sun Jun 22 01:00:00 EDT 2014
16-06-2014 15:48:42 [main] INFO  org.quartz.core.QuartzScheduler - Scheduler ldcsScheduler_$_NON_CLUSTERED started.
16-06-2014 15:48:42 [main] INFO  c.elyxor.xeros.ldcs.dai.PortManager - Started watching ports for changes
16-06-2014 15:48:47 [Thread-3] INFO  com.elyxor.xeros.ldcs.dai.DaiPort - Started listening on port /dev/ttyUSB0
16-06-2014 15:48:59 [Thread-3] INFO  c.elyxor.xeros.ldcs.dai.PortManager - Found existing DAI with ID str1 on port/dev/ttyUSB0
16-06-2014 15:49:04 [Thread-3] INFO  com.elyxor.xeros.ldcs.dai.DaiPort - Started listening on port /dev/ttyUSB1
16-06-2014 15:49:11 [Thread-3] INFO  c.elyxor.xeros.ldcs.dai.PortManager - Found existing DAI with ID str2 on port/dev/ttyUSB1
16-06-2014 15:49:16 [Thread-3] INFO  com.elyxor.xeros.ldcs.dai.DaiPort - Started listening on port /dev/ttyUSB2
16-06-2014 15:49:23 [Thread-3] INFO  c.elyxor.xeros.ldcs.dai.PortManager - Found existing DAI with ID str3 on port/dev/ttyUSB2
16-06-2014 15:49:38 [Thread-3] INFO  com.elyxor.xeros.ldcs.dai.DaiPort - Started listening on port /dev/ttyUSB2
16-06-2014 15:49:46 [Thread-3] INFO  c.elyxor.xeros.ldcs.dai.PortManager - Found existing DAI with ID str3 on port/dev/ttyUSB2
16-06-2014 15:50:15 [Thread-1] INFO  c.elyxor.xeros.ldcs.CommandListener - Listening to command line inputs
16-06-2014 15:50:15 [main] INFO  c.e.xeros.ldcs.AppConfiguration - loading config from [ldcs.properties]
16-06-2014 15:50:15 [main] WARN  c.e.xeros.ldcs.AppConfiguration - [ldcs.properties] not found
16-06-2014 15:50:15 [main] INFO  c.e.xeros.ldcs.AppConfiguration - loading config from [application.properties]
16-06-2014 15:50:15 [main] INFO  org.quartz.impl.StdSchedulerFactory - Using default implementation for ThreadExecutor
16-06-2014 15:50:15 [main] INFO  o.quartz.core.SchedulerSignalerImpl - Initialized Scheduler Signaller of type: class org.quartz.core.SchedulerSignalerImpl
16-06-2014 15:50:15 [main] INFO  org.quartz.core.QuartzScheduler - Quartz Scheduler v.2.2.1 created.
16-06-2014 15:50:15 [main] INFO  org.quartz.simpl.RAMJobStore - RAMJobStore initialized.
16-06-2014 15:50:15 [main] INFO  org.quartz.core.QuartzScheduler - Scheduler meta-data: Quartz Scheduler (v2.2.1) 'ldcsScheduler' with instanceId 'NON_CLUSTERED'
  Scheduler class: 'org.quartz.core.QuartzScheduler' - running locally.
  NOT STARTED.
  Currently in standby mode.
  Number of jobs executed: 0
  Using thread pool 'org.quartz.simpl.SimpleThreadPool' - with 3 threads.
  Using job-store 'org.quartz.simpl.RAMJobStore' - which does not support persistence. and is not clustered.

16-06-2014 15:50:15 [main] INFO  org.quartz.impl.StdSchedulerFactory - Quartz scheduler 'ldcsScheduler' initialized from default resource file in Quartz package: 'quartz.properties'
16-06-2014 15:50:15 [main] INFO  org.quartz.impl.StdSchedulerFactory - Quartz scheduler version: 2.2.1
16-06-2014 15:50:15 [main] INFO  c.elyxor.xeros.ldcs.dai.PortManager - scheduled clock set job, next fire time: Sun Jun 22 01:00:00 EDT 2014
16-06-2014 15:50:15 [main] INFO  org.quartz.core.QuartzScheduler - Scheduler ldcsScheduler_$_NON_CLUSTERED started.
16-06-2014 15:50:15 [main] INFO  c.elyxor.xeros.ldcs.dai.PortManager - Started watching ports for changes
16-06-2014 15:50:20 [Thread-3] INFO  com.elyxor.xeros.ldcs.dai.DaiPort - Started listening on port /dev/ttyUSB0
16-06-2014 15:50:31 [Thread-3] INFO  c.elyxor.xeros.ldcs.dai.PortManager - Found existing DAI with ID str1 on port/dev/ttyUSB0
16-06-2014 15:50:36 [Thread-3] INFO  com.elyxor.xeros.ldcs.dai.DaiPort - Started listening on port /dev/ttyUSB1
16-06-2014 15:50:43 [Thread-3] INFO  c.elyxor.xeros.ldcs.dai.PortManager - Found existing DAI with ID str2 on port/dev/ttyUSB1
16-06-2014 15:50:48 [Thread-3] INFO  com.elyxor.xeros.ldcs.dai.DaiPort - Started listening on port /dev/ttyUSB2
16-06-2014 15:51:02 [Thread-3] INFO  c.elyxor.xeros.ldcs.dai.PortManager - Found existing DAI with ID str3 on port/dev/ttyUSB2
