18-06-2014 12:09:10 [Thread-1] INFO  c.elyxor.xeros.ldcs.CommandListener - Listening to command line inputs
18-06-2014 12:09:10 [main] INFO  c.e.xeros.ldcs.AppConfiguration - loading config from [ldcs.properties]
18-06-2014 12:09:10 [main] WARN  c.e.xeros.ldcs.AppConfiguration - [ldcs.properties] not found
18-06-2014 12:09:10 [main] INFO  c.e.xeros.ldcs.AppConfiguration - loading config from [application.properties]
18-06-2014 12:09:10 [main] INFO  org.quartz.impl.StdSchedulerFactory - Using default implementation for ThreadExecutor
18-06-2014 12:09:10 [main] INFO  o.quartz.core.SchedulerSignalerImpl - Initialized Scheduler Signaller of type: class org.quartz.core.SchedulerSignalerImpl
18-06-2014 12:09:10 [main] INFO  org.quartz.core.QuartzScheduler - Quartz Scheduler v.2.2.1 created.
18-06-2014 12:09:10 [main] INFO  org.quartz.simpl.RAMJobStore - RAMJobStore initialized.
18-06-2014 12:09:10 [main] INFO  org.quartz.core.QuartzScheduler - Scheduler meta-data: Quartz Scheduler (v2.2.1) 'ldcsScheduler' with instanceId 'NON_CLUSTERED'
  Scheduler class: 'org.quartz.core.QuartzScheduler' - running locally.
  NOT STARTED.
  Currently in standby mode.
  Number of jobs executed: 0
  Using thread pool 'org.quartz.simpl.SimpleThreadPool' - with 3 threads.
  Using job-store 'org.quartz.simpl.RAMJobStore' - which does not support persistence. and is not clustered.

18-06-2014 12:09:10 [main] INFO  org.quartz.impl.StdSchedulerFactory - Quartz scheduler 'ldcsScheduler' initialized from default resource file in Quartz package: 'quartz.properties'
18-06-2014 12:09:10 [main] INFO  org.quartz.impl.StdSchedulerFactory - Quartz scheduler version: 2.2.1
18-06-2014 12:09:10 [main] INFO  c.elyxor.xeros.ldcs.dai.PortManager - scheduled clock set job, next fire time: Sun Jun 22 01:00:00 EDT 2014
18-06-2014 12:09:10 [main] INFO  org.quartz.core.QuartzScheduler - Scheduler ldcsScheduler_$_NON_CLUSTERED started.
18-06-2014 12:09:10 [main] INFO  c.elyxor.xeros.ldcs.dai.PortManager - Started watching ports for changes
18-06-2014 12:09:56 [Thread-1] INFO  c.elyxor.xeros.ldcs.CommandListener - Listening to command line inputs
18-06-2014 12:09:56 [main] INFO  c.e.xeros.ldcs.AppConfiguration - loading config from [ldcs.properties]
18-06-2014 12:09:56 [main] WARN  c.e.xeros.ldcs.AppConfiguration - [ldcs.properties] not found
18-06-2014 12:09:56 [main] INFO  c.e.xeros.ldcs.AppConfiguration - loading config from [application.properties]
18-06-2014 12:09:56 [main] INFO  org.quartz.impl.StdSchedulerFactory - Using default implementation for ThreadExecutor
18-06-2014 12:09:56 [main] INFO  o.quartz.core.SchedulerSignalerImpl - Initialized Scheduler Signaller of type: class org.quartz.core.SchedulerSignalerImpl
18-06-2014 12:09:56 [main] INFO  org.quartz.core.QuartzScheduler - Quartz Scheduler v.2.2.1 created.
18-06-2014 12:09:56 [main] INFO  org.quartz.simpl.RAMJobStore - RAMJobStore initialized.
18-06-2014 12:09:56 [main] INFO  org.quartz.core.QuartzScheduler - Scheduler meta-data: Quartz Scheduler (v2.2.1) 'ldcsScheduler' with instanceId 'NON_CLUSTERED'
  Scheduler class: 'org.quartz.core.QuartzScheduler' - running locally.
  NOT STARTED.
  Currently in standby mode.
  Number of jobs executed: 0
  Using thread pool 'org.quartz.simpl.SimpleThreadPool' - with 3 threads.
  Using job-store 'org.quartz.simpl.RAMJobStore' - which does not support persistence. and is not clustered.

18-06-2014 12:09:56 [main] INFO  org.quartz.impl.StdSchedulerFactory - Quartz scheduler 'ldcsScheduler' initialized from default resource file in Quartz package: 'quartz.properties'
18-06-2014 12:09:56 [main] INFO  org.quartz.impl.StdSchedulerFactory - Quartz scheduler version: 2.2.1
18-06-2014 12:09:56 [main] INFO  c.elyxor.xeros.ldcs.dai.PortManager - scheduled clock set job, next fire time: Sun Jun 22 01:00:00 EDT 2014
18-06-2014 12:09:56 [main] INFO  org.quartz.core.QuartzScheduler - Scheduler ldcsScheduler_$_NON_CLUSTERED started.
18-06-2014 12:09:56 [main] INFO  c.elyxor.xeros.ldcs.dai.PortManager - Started watching ports for changes
18-06-2014 12:10:11 [main] INFO  c.e.xeros.ldcs.AppConfiguration - loading config from [ldcs.properties]
18-06-2014 12:10:11 [main] WARN  c.e.xeros.ldcs.AppConfiguration - properties loaded from [ldcs.properties]
18-06-2014 12:10:11 [main] INFO  com.elyxor.xeros.ldcs.FileWatcher - Starting LDCS
18-06-2014 12:10:17 [main] INFO  com.elyxor.xeros.ldcs.FileWatcher - watching files in /home/will/dev/xeros-middleware/xeros-ldcs/home/will/ldcs/input
18-06-2014 12:11:03 [main] INFO  c.e.xeros.ldcs.AppConfiguration - loading config from [ldcs.properties]
18-06-2014 12:11:03 [main] WARN  c.e.xeros.ldcs.AppConfiguration - properties loaded from [ldcs.properties]
18-06-2014 12:11:03 [main] INFO  com.elyxor.xeros.ldcs.FileWatcher - Starting LDCS
18-06-2014 12:21:06 [main] INFO  c.e.xeros.ldcs.AppConfiguration - loading config from [ldcs.properties]
18-06-2014 12:21:06 [main] WARN  c.e.xeros.ldcs.AppConfiguration - properties loaded from [ldcs.properties]
18-06-2014 12:21:06 [main] INFO  com.elyxor.xeros.ldcs.FileWatcher - Starting LDCS
18-06-2014 14:18:11 [main] INFO  c.e.xeros.ldcs.AppConfiguration - loading config from [ldcs.properties]
18-06-2014 14:18:11 [main] WARN  c.e.xeros.ldcs.AppConfiguration - properties loaded from [ldcs.properties]
18-06-2014 14:18:11 [main] INFO  com.elyxor.xeros.ldcs.FileWatcher - Starting LDCS
18-06-2014 14:18:33 [main] INFO  com.elyxor.xeros.ldcs.FileWatcher - watching files in /home/will/ldcs/input
18-06-2014 15:54:39 [main] INFO  c.e.xeros.ldcs.AppConfiguration - loading config from [ldcs.properties]
18-06-2014 15:54:39 [main] WARN  c.e.xeros.ldcs.AppConfiguration - properties loaded from [ldcs.properties]
18-06-2014 15:54:39 [main] INFO  com.elyxor.xeros.ldcs.FileWatcher - Starting LDCS
18-06-2014 15:54:39 [main] INFO  com.elyxor.xeros.ldcs.FileWatcher - watching files in /home/will/ldcs/input
18-06-2014 15:54:44 [Thread-1] INFO  c.elyxor.xeros.ldcs.CommandListener - Listening to command line inputs
18-06-2014 15:54:44 [main] INFO  c.e.xeros.ldcs.AppConfiguration - loading config from [ldcs.properties]
18-06-2014 15:54:44 [main] WARN  c.e.xeros.ldcs.AppConfiguration - [ldcs.properties] not found
18-06-2014 15:54:44 [main] INFO  c.e.xeros.ldcs.AppConfiguration - loading config from [application.properties]
18-06-2014 15:54:44 [main] INFO  org.quartz.impl.StdSchedulerFactory - Using default implementation for ThreadExecutor
18-06-2014 15:54:44 [main] INFO  o.quartz.core.SchedulerSignalerImpl - Initialized Scheduler Signaller of type: class org.quartz.core.SchedulerSignalerImpl
18-06-2014 15:54:44 [main] INFO  org.quartz.core.QuartzScheduler - Quartz Scheduler v.2.2.1 created.
18-06-2014 15:54:44 [main] INFO  org.quartz.simpl.RAMJobStore - RAMJobStore initialized.
18-06-2014 15:54:44 [main] INFO  org.quartz.core.QuartzScheduler - Scheduler meta-data: Quartz Scheduler (v2.2.1) 'ldcsScheduler' with instanceId 'NON_CLUSTERED'
  Scheduler class: 'org.quartz.core.QuartzScheduler' - running locally.
  NOT STARTED.
  Currently in standby mode.
  Number of jobs executed: 0
  Using thread pool 'org.quartz.simpl.SimpleThreadPool' - with 3 threads.
  Using job-store 'org.quartz.simpl.RAMJobStore' - which does not support persistence. and is not clustered.

18-06-2014 15:54:44 [main] INFO  org.quartz.impl.StdSchedulerFactory - Quartz scheduler 'ldcsScheduler' initialized from default resource file in Quartz package: 'quartz.properties'
18-06-2014 15:54:44 [main] INFO  org.quartz.impl.StdSchedulerFactory - Quartz scheduler version: 2.2.1
18-06-2014 15:54:44 [main] WARN  c.elyxor.xeros.ldcs.dai.PortManager - could not start scheduler
java.lang.NullPointerException: null
	at com.elyxor.xeros.ldcs.dai.PortManager.startScheduler(PortManager.java:174) ~[classes/:na]
	at com.elyxor.xeros.ldcs.CommandListener.main(CommandListener.java:28) [classes/:na]
18-06-2014 15:54:44 [main] INFO  c.elyxor.xeros.ldcs.dai.PortManager - Started watching ports for changes
18-06-2014 15:54:49 [Thread-3] INFO  com.elyxor.xeros.ldcs.dai.DaiPort - Started listening on port /dev/ttyUSB0
18-06-2014 15:55:53 [Thread-1] WARN  c.elyxor.xeros.ldcs.CommandListener - Received empty command. Nothing to do
18-06-2014 15:55:58 [Thread-1] INFO  c.elyxor.xeros.ldcs.CommandListener - Listening to command line inputs
18-06-2014 15:55:58 [main] INFO  c.e.xeros.ldcs.AppConfiguration - loading config from [ldcs.properties]
18-06-2014 15:55:58 [main] WARN  c.e.xeros.ldcs.AppConfiguration - [ldcs.properties] not found
18-06-2014 15:55:58 [main] INFO  c.e.xeros.ldcs.AppConfiguration - loading config from [application.properties]
18-06-2014 15:55:58 [main] INFO  org.quartz.impl.StdSchedulerFactory - Using default implementation for ThreadExecutor
18-06-2014 15:55:58 [main] INFO  o.quartz.core.SchedulerSignalerImpl - Initialized Scheduler Signaller of type: class org.quartz.core.SchedulerSignalerImpl
18-06-2014 15:55:58 [main] INFO  org.quartz.core.QuartzScheduler - Quartz Scheduler v.2.2.1 created.
18-06-2014 15:55:58 [main] INFO  org.quartz.simpl.RAMJobStore - RAMJobStore initialized.
18-06-2014 15:55:58 [main] INFO  org.quartz.core.QuartzScheduler - Scheduler meta-data: Quartz Scheduler (v2.2.1) 'ldcsScheduler' with instanceId 'NON_CLUSTERED'
  Scheduler class: 'org.quartz.core.QuartzScheduler' - running locally.
  NOT STARTED.
  Currently in standby mode.
  Number of jobs executed: 0
  Using thread pool 'org.quartz.simpl.SimpleThreadPool' - with 3 threads.
  Using job-store 'org.quartz.simpl.RAMJobStore' - which does not support persistence. and is not clustered.

18-06-2014 15:55:58 [main] INFO  org.quartz.impl.StdSchedulerFactory - Quartz scheduler 'ldcsScheduler' initialized from default resource file in Quartz package: 'quartz.properties'
18-06-2014 15:55:58 [main] INFO  org.quartz.impl.StdSchedulerFactory - Quartz scheduler version: 2.2.1
18-06-2014 15:55:58 [main] WARN  c.elyxor.xeros.ldcs.dai.PortManager - could not start scheduler
java.lang.NullPointerException: null
	at com.elyxor.xeros.ldcs.dai.PortManager.startScheduler(PortManager.java:174) ~[classes/:na]
	at com.elyxor.xeros.ldcs.CommandListener.main(CommandListener.java:28) [classes/:na]
18-06-2014 15:55:58 [main] INFO  c.elyxor.xeros.ldcs.dai.PortManager - Started watching ports for changes
18-06-2014 15:56:03 [Thread-3] INFO  com.elyxor.xeros.ldcs.dai.DaiPort - Started listening on port /dev/ttyUSB0
18-06-2014 15:56:12 [Thread-3] INFO  c.elyxor.xeros.ldcs.dai.PortManager - Assigned DAI ID str1 to port /dev/ttyUSB0
18-06-2014 15:56:25 [Thread-1] INFO  c.e.xeros.ldcs.util.FileLogWriter - Wrote log to file Std-str1Log.txt
18-06-2014 15:56:25 [Thread-1] WARN  com.elyxor.xeros.ldcs.dai.DaiPort - Failed to write '1, Std,
File Write Time: 15:56:25
' to log file
java.io.FileNotFoundException: input/Std-str1Log.txt (No such file or directory)
	at java.io.FileOutputStream.open(Native Method) ~[na:1.8.0_05]
	at java.io.FileOutputStream.<init>(FileOutputStream.java:206) ~[na:1.8.0_05]
	at java.io.FileWriter.<init>(FileWriter.java:107) ~[na:1.8.0_05]
	at com.elyxor.xeros.ldcs.util.FileLogWriter.write(FileLogWriter.java:31) ~[classes/:na]
	at com.elyxor.xeros.ldcs.dai.DaiPort.writeLogFile(DaiPort.java:252) ~[classes/:na]
	at com.elyxor.xeros.ldcs.CommandListener.readWaterMeter(CommandListener.java:146) [classes/:na]
	at com.elyxor.xeros.ldcs.CommandListener.processCommand(CommandListener.java:212) [classes/:na]
	at com.elyxor.xeros.ldcs.CommandListener.run(CommandListener.java:55) [classes/:na]
	at java.lang.Thread.run(Thread.java:745) [na:1.8.0_05]
18-06-2014 15:56:25 [Thread-1] INFO  com.elyxor.xeros.ldcs.dai.DaiPort - Wrote log to file
18-06-2014 15:57:21 [Thread-1] INFO  c.elyxor.xeros.ldcs.CommandListener - Listening to command line inputs
18-06-2014 15:57:21 [main] INFO  c.e.xeros.ldcs.AppConfiguration - loading config from [ldcs.properties]
18-06-2014 15:57:21 [main] WARN  c.e.xeros.ldcs.AppConfiguration - [ldcs.properties] not found
18-06-2014 15:57:21 [main] INFO  c.e.xeros.ldcs.AppConfiguration - loading config from [application.properties]
18-06-2014 15:57:21 [main] INFO  org.quartz.impl.StdSchedulerFactory - Using default implementation for ThreadExecutor
18-06-2014 15:57:21 [main] INFO  o.quartz.core.SchedulerSignalerImpl - Initialized Scheduler Signaller of type: class org.quartz.core.SchedulerSignalerImpl
18-06-2014 15:57:21 [main] INFO  org.quartz.core.QuartzScheduler - Quartz Scheduler v.2.2.1 created.
18-06-2014 15:57:21 [main] INFO  org.quartz.simpl.RAMJobStore - RAMJobStore initialized.
18-06-2014 15:57:21 [main] INFO  org.quartz.core.QuartzScheduler - Scheduler meta-data: Quartz Scheduler (v2.2.1) 'ldcsScheduler' with instanceId 'NON_CLUSTERED'
  Scheduler class: 'org.quartz.core.QuartzScheduler' - running locally.
  NOT STARTED.
  Currently in standby mode.
  Number of jobs executed: 0
  Using thread pool 'org.quartz.simpl.SimpleThreadPool' - with 3 threads.
  Using job-store 'org.quartz.simpl.RAMJobStore' - which does not support persistence. and is not clustered.

18-06-2014 15:57:21 [main] INFO  org.quartz.impl.StdSchedulerFactory - Quartz scheduler 'ldcsScheduler' initialized from default resource file in Quartz package: 'quartz.properties'
18-06-2014 15:57:21 [main] INFO  org.quartz.impl.StdSchedulerFactory - Quartz scheduler version: 2.2.1
18-06-2014 15:57:21 [main] WARN  c.elyxor.xeros.ldcs.dai.PortManager - could not start scheduler
java.lang.NullPointerException: null
	at com.elyxor.xeros.ldcs.dai.PortManager.startScheduler(PortManager.java:174) ~[classes/:na]
	at com.elyxor.xeros.ldcs.CommandListener.main(CommandListener.java:28) [classes/:na]
18-06-2014 15:57:21 [main] INFO  c.elyxor.xeros.ldcs.dai.PortManager - Started watching ports for changes
18-06-2014 15:57:27 [Thread-3] INFO  com.elyxor.xeros.ldcs.dai.DaiPort - Started listening on port /dev/ttyUSB0
18-06-2014 15:58:40 [Thread-3] INFO  c.elyxor.xeros.ldcs.dai.PortManager - Found existing DAI with ID str1 on port/dev/ttyUSB0
18-06-2014 15:59:47 [Thread-1] INFO  c.elyxor.xeros.ldcs.CommandListener - Listening to command line inputs
18-06-2014 15:59:47 [main] INFO  c.e.xeros.ldcs.AppConfiguration - loading config from [ldcs.properties]
18-06-2014 15:59:47 [main] WARN  c.e.xeros.ldcs.AppConfiguration - [ldcs.properties] not found
18-06-2014 15:59:47 [main] INFO  c.e.xeros.ldcs.AppConfiguration - loading config from [application.properties]
18-06-2014 15:59:47 [main] INFO  org.quartz.impl.StdSchedulerFactory - Using default implementation for ThreadExecutor
18-06-2014 15:59:47 [main] INFO  o.quartz.core.SchedulerSignalerImpl - Initialized Scheduler Signaller of type: class org.quartz.core.SchedulerSignalerImpl
18-06-2014 15:59:47 [main] INFO  org.quartz.core.QuartzScheduler - Quartz Scheduler v.2.2.1 created.
18-06-2014 15:59:47 [main] INFO  org.quartz.simpl.RAMJobStore - RAMJobStore initialized.
18-06-2014 15:59:47 [main] INFO  org.quartz.core.QuartzScheduler - Scheduler meta-data: Quartz Scheduler (v2.2.1) 'ldcsScheduler' with instanceId 'NON_CLUSTERED'
  Scheduler class: 'org.quartz.core.QuartzScheduler' - running locally.
  NOT STARTED.
  Currently in standby mode.
  Number of jobs executed: 0
  Using thread pool 'org.quartz.simpl.SimpleThreadPool' - with 3 threads.
  Using job-store 'org.quartz.simpl.RAMJobStore' - which does not support persistence. and is not clustered.

18-06-2014 15:59:47 [main] INFO  org.quartz.impl.StdSchedulerFactory - Quartz scheduler 'ldcsScheduler' initialized from default resource file in Quartz package: 'quartz.properties'
18-06-2014 15:59:47 [main] INFO  org.quartz.impl.StdSchedulerFactory - Quartz scheduler version: 2.2.1
18-06-2014 15:59:47 [main] WARN  c.elyxor.xeros.ldcs.dai.PortManager - could not start scheduler
java.lang.NullPointerException: null
	at com.elyxor.xeros.ldcs.dai.PortManager.startScheduler(PortManager.java:174) ~[classes/:na]
	at com.elyxor.xeros.ldcs.CommandListener.main(CommandListener.java:28) [classes/:na]
18-06-2014 15:59:47 [main] INFO  c.elyxor.xeros.ldcs.dai.PortManager - Started watching ports for changes
18-06-2014 15:59:53 [Thread-3] INFO  com.elyxor.xeros.ldcs.dai.DaiPort - Started listening on port /dev/ttyUSB0
18-06-2014 16:00:00 [Thread-3] INFO  c.elyxor.xeros.ldcs.dai.PortManager - Found existing DAI with ID str1 on port/dev/ttyUSB0
18-06-2014 16:00:31 [Thread-1] INFO  c.elyxor.xeros.ldcs.CommandListener - Listening to command line inputs
18-06-2014 16:00:31 [main] INFO  c.e.xeros.ldcs.AppConfiguration - loading config from [ldcs.properties]
18-06-2014 16:00:31 [main] WARN  c.e.xeros.ldcs.AppConfiguration - [ldcs.properties] not found
18-06-2014 16:00:31 [main] INFO  c.e.xeros.ldcs.AppConfiguration - loading config from [application.properties]
18-06-2014 16:00:31 [main] INFO  org.quartz.impl.StdSchedulerFactory - Using default implementation for ThreadExecutor
18-06-2014 16:00:31 [main] INFO  o.quartz.core.SchedulerSignalerImpl - Initialized Scheduler Signaller of type: class org.quartz.core.SchedulerSignalerImpl
18-06-2014 16:00:31 [main] INFO  org.quartz.core.QuartzScheduler - Quartz Scheduler v.2.2.1 created.
18-06-2014 16:00:31 [main] INFO  org.quartz.simpl.RAMJobStore - RAMJobStore initialized.
18-06-2014 16:00:31 [main] INFO  org.quartz.core.QuartzScheduler - Scheduler meta-data: Quartz Scheduler (v2.2.1) 'ldcsScheduler' with instanceId 'NON_CLUSTERED'
  Scheduler class: 'org.quartz.core.QuartzScheduler' - running locally.
  NOT STARTED.
  Currently in standby mode.
  Number of jobs executed: 0
  Using thread pool 'org.quartz.simpl.SimpleThreadPool' - with 3 threads.
  Using job-store 'org.quartz.simpl.RAMJobStore' - which does not support persistence. and is not clustered.

18-06-2014 16:00:31 [main] INFO  org.quartz.impl.StdSchedulerFactory - Quartz scheduler 'ldcsScheduler' initialized from default resource file in Quartz package: 'quartz.properties'
18-06-2014 16:00:31 [main] INFO  org.quartz.impl.StdSchedulerFactory - Quartz scheduler version: 2.2.1
18-06-2014 16:00:31 [main] WARN  c.elyxor.xeros.ldcs.dai.PortManager - could not start scheduler
java.lang.NullPointerException: null
	at com.elyxor.xeros.ldcs.dai.PortManager.startScheduler(PortManager.java:174) ~[classes/:na]
	at com.elyxor.xeros.ldcs.CommandListener.main(CommandListener.java:28) [classes/:na]
18-06-2014 16:00:31 [main] INFO  c.elyxor.xeros.ldcs.dai.PortManager - Started watching ports for changes
18-06-2014 16:00:36 [Thread-3] INFO  com.elyxor.xeros.ldcs.dai.DaiPort - Started listening on port /dev/ttyUSB0
18-06-2014 16:00:41 [Thread-3] INFO  c.elyxor.xeros.ldcs.dai.PortManager - Found existing DAI with ID str1 on port/dev/ttyUSB0
18-06-2014 16:02:18 [Thread-1] INFO  c.elyxor.xeros.ldcs.CommandListener - Listening to command line inputs
18-06-2014 16:02:18 [main] INFO  c.e.xeros.ldcs.AppConfiguration - loading config from [ldcs.properties]
18-06-2014 16:02:18 [main] WARN  c.e.xeros.ldcs.AppConfiguration - [ldcs.properties] not found
18-06-2014 16:02:18 [main] INFO  c.e.xeros.ldcs.AppConfiguration - loading config from [application.properties]
18-06-2014 16:02:18 [main] INFO  org.quartz.impl.StdSchedulerFactory - Using default implementation for ThreadExecutor
18-06-2014 16:02:18 [main] INFO  o.quartz.core.SchedulerSignalerImpl - Initialized Scheduler Signaller of type: class org.quartz.core.SchedulerSignalerImpl
18-06-2014 16:02:18 [main] INFO  org.quartz.core.QuartzScheduler - Quartz Scheduler v.2.2.1 created.
18-06-2014 16:02:18 [main] INFO  org.quartz.simpl.RAMJobStore - RAMJobStore initialized.
18-06-2014 16:02:18 [main] INFO  org.quartz.core.QuartzScheduler - Scheduler meta-data: Quartz Scheduler (v2.2.1) 'ldcsScheduler' with instanceId 'NON_CLUSTERED'
  Scheduler class: 'org.quartz.core.QuartzScheduler' - running locally.
  NOT STARTED.
  Currently in standby mode.
  Number of jobs executed: 0
  Using thread pool 'org.quartz.simpl.SimpleThreadPool' - with 3 threads.
  Using job-store 'org.quartz.simpl.RAMJobStore' - which does not support persistence. and is not clustered.

18-06-2014 16:02:18 [main] INFO  org.quartz.impl.StdSchedulerFactory - Quartz scheduler 'ldcsScheduler' initialized from default resource file in Quartz package: 'quartz.properties'
18-06-2014 16:02:18 [main] INFO  org.quartz.impl.StdSchedulerFactory - Quartz scheduler version: 2.2.1
18-06-2014 16:02:18 [main] WARN  c.elyxor.xeros.ldcs.dai.PortManager - could not start scheduler
java.lang.NullPointerException: null
	at com.elyxor.xeros.ldcs.dai.PortManager.startScheduler(PortManager.java:174) ~[classes/:na]
	at com.elyxor.xeros.ldcs.CommandListener.main(CommandListener.java:28) [classes/:na]
18-06-2014 16:02:18 [main] INFO  c.elyxor.xeros.ldcs.dai.PortManager - Started watching ports for changes
18-06-2014 16:02:23 [Thread-3] INFO  com.elyxor.xeros.ldcs.dai.DaiPort - Started listening on port /dev/ttyUSB0
18-06-2014 16:02:28 [Thread-3] INFO  c.elyxor.xeros.ldcs.dai.PortManager - Found existing DAI with ID str1 on port/dev/ttyUSB0
18-06-2014 16:04:24 [Thread-1] INFO  c.elyxor.xeros.ldcs.CommandListener - Listening to command line inputs
18-06-2014 16:04:24 [main] INFO  c.e.xeros.ldcs.AppConfiguration - loading config from [ldcs.properties]
18-06-2014 16:04:24 [main] WARN  c.e.xeros.ldcs.AppConfiguration - [ldcs.properties] not found
18-06-2014 16:04:24 [main] INFO  c.e.xeros.ldcs.AppConfiguration - loading config from [application.properties]
18-06-2014 16:04:24 [main] INFO  org.quartz.impl.StdSchedulerFactory - Using default implementation for ThreadExecutor
18-06-2014 16:04:24 [main] INFO  o.quartz.core.SchedulerSignalerImpl - Initialized Scheduler Signaller of type: class org.quartz.core.SchedulerSignalerImpl
18-06-2014 16:04:24 [main] INFO  org.quartz.core.QuartzScheduler - Quartz Scheduler v.2.2.1 created.
18-06-2014 16:04:24 [main] INFO  org.quartz.simpl.RAMJobStore - RAMJobStore initialized.
18-06-2014 16:04:24 [main] INFO  org.quartz.core.QuartzScheduler - Scheduler meta-data: Quartz Scheduler (v2.2.1) 'ldcsScheduler' with instanceId 'NON_CLUSTERED'
  Scheduler class: 'org.quartz.core.QuartzScheduler' - running locally.
  NOT STARTED.
  Currently in standby mode.
  Number of jobs executed: 0
  Using thread pool 'org.quartz.simpl.SimpleThreadPool' - with 3 threads.
  Using job-store 'org.quartz.simpl.RAMJobStore' - which does not support persistence. and is not clustered.

18-06-2014 16:04:24 [main] INFO  org.quartz.impl.StdSchedulerFactory - Quartz scheduler 'ldcsScheduler' initialized from default resource file in Quartz package: 'quartz.properties'
18-06-2014 16:04:24 [main] INFO  org.quartz.impl.StdSchedulerFactory - Quartz scheduler version: 2.2.1
18-06-2014 16:04:24 [main] WARN  c.elyxor.xeros.ldcs.dai.PortManager - could not start scheduler
java.lang.NullPointerException: null
	at com.elyxor.xeros.ldcs.dai.PortManager.startScheduler(PortManager.java:174) ~[classes/:na]
	at com.elyxor.xeros.ldcs.CommandListener.main(CommandListener.java:28) [classes/:na]
18-06-2014 16:04:24 [main] INFO  c.elyxor.xeros.ldcs.dai.PortManager - Started watching ports for changes
18-06-2014 16:04:29 [Thread-3] INFO  com.elyxor.xeros.ldcs.dai.DaiPort - Started listening on port /dev/ttyUSB0
18-06-2014 16:04:34 [Thread-3] INFO  c.elyxor.xeros.ldcs.dai.PortManager - Found existing DAI with ID str1 on port/dev/ttyUSB0
18-06-2014 16:04:41 [Thread-1] INFO  c.e.xeros.ldcs.util.FileLogWriter - Wrote log to file -str1Log.txt
18-06-2014 16:04:41 [Thread-1] INFO  com.elyxor.xeros.ldcs.dai.DaiPort - Wrote log to file
18-06-2014 16:04:47 [Thread-1] INFO  c.e.xeros.ldcs.util.FileLogWriter - Wrote log to file -str1Log.txt
18-06-2014 16:04:47 [Thread-1] INFO  com.elyxor.xeros.ldcs.dai.DaiPort - Wrote log to file
18-06-2014 16:07:12 [Thread-1] INFO  c.e.xeros.ldcs.util.FileLogWriter - Wrote log to file Std-str1Log.txt
18-06-2014 16:07:12 [Thread-1] INFO  com.elyxor.xeros.ldcs.dai.DaiPort - Wrote log to file
18-06-2014 16:07:25 [Thread-1] INFO  c.e.xeros.ldcs.util.FileLogWriter - Wrote log to file Std-str1Log.txt
18-06-2014 16:07:25 [Thread-1] INFO  com.elyxor.xeros.ldcs.dai.DaiPort - Wrote log to file
18-06-2014 16:07:42 [Thread-1] INFO  c.e.xeros.ldcs.util.FileLogWriter - Wrote log to file Std-str1Log.txt
18-06-2014 16:07:42 [Thread-1] INFO  com.elyxor.xeros.ldcs.dai.DaiPort - Wrote log to file
18-06-2014 16:07:49 [Thread-1] INFO  c.e.xeros.ldcs.util.FileLogWriter - Wrote log to file Std-str1Log.txt
18-06-2014 16:07:49 [Thread-1] INFO  com.elyxor.xeros.ldcs.dai.DaiPort - Wrote log to file
18-06-2014 16:07:53 [Thread-1] INFO  c.e.xeros.ldcs.util.FileLogWriter - Wrote log to file Std-str1Log.txt
18-06-2014 16:07:53 [Thread-1] INFO  com.elyxor.xeros.ldcs.dai.DaiPort - Wrote log to file
18-06-2014 16:08:13 [Thread-1] INFO  c.e.xeros.ldcs.util.FileLogWriter - Wrote log to file Std-str1Log.txt
18-06-2014 16:08:13 [Thread-1] INFO  com.elyxor.xeros.ldcs.dai.DaiPort - Wrote log to file
18-06-2014 16:08:16 [Thread-1] WARN  c.elyxor.xeros.ldcs.CommandListener - command coudn't parse int from user input \1
18-06-2014 16:09:45 [Thread-1] INFO  c.elyxor.xeros.ldcs.CommandListener - Listening to command line inputs
18-06-2014 16:09:45 [main] INFO  c.e.xeros.ldcs.AppConfiguration - loading config from [ldcs.properties]
18-06-2014 16:09:45 [main] WARN  c.e.xeros.ldcs.AppConfiguration - [ldcs.properties] not found
18-06-2014 16:09:45 [main] INFO  c.e.xeros.ldcs.AppConfiguration - loading config from [application.properties]
18-06-2014 16:09:45 [main] INFO  org.quartz.impl.StdSchedulerFactory - Using default implementation for ThreadExecutor
18-06-2014 16:09:45 [main] INFO  o.quartz.core.SchedulerSignalerImpl - Initialized Scheduler Signaller of type: class org.quartz.core.SchedulerSignalerImpl
18-06-2014 16:09:45 [main] INFO  org.quartz.core.QuartzScheduler - Quartz Scheduler v.2.2.1 created.
18-06-2014 16:09:45 [main] INFO  org.quartz.simpl.RAMJobStore - RAMJobStore initialized.
18-06-2014 16:09:45 [main] INFO  org.quartz.core.QuartzScheduler - Scheduler meta-data: Quartz Scheduler (v2.2.1) 'ldcsScheduler' with instanceId 'NON_CLUSTERED'
  Scheduler class: 'org.quartz.core.QuartzScheduler' - running locally.
  NOT STARTED.
  Currently in standby mode.
  Number of jobs executed: 0
  Using thread pool 'org.quartz.simpl.SimpleThreadPool' - with 3 threads.
  Using job-store 'org.quartz.simpl.RAMJobStore' - which does not support persistence. and is not clustered.

18-06-2014 16:09:45 [main] INFO  org.quartz.impl.StdSchedulerFactory - Quartz scheduler 'ldcsScheduler' initialized from default resource file in Quartz package: 'quartz.properties'
18-06-2014 16:09:45 [main] INFO  org.quartz.impl.StdSchedulerFactory - Quartz scheduler version: 2.2.1
18-06-2014 16:09:45 [main] WARN  c.elyxor.xeros.ldcs.dai.PortManager - could not start scheduler
java.lang.NullPointerException: null
	at com.elyxor.xeros.ldcs.dai.PortManager.startScheduler(PortManager.java:174) ~[classes/:na]
	at com.elyxor.xeros.ldcs.CommandListener.main(CommandListener.java:28) [classes/:na]
18-06-2014 16:09:45 [main] INFO  c.elyxor.xeros.ldcs.dai.PortManager - Started watching ports for changes
18-06-2014 16:09:50 [Thread-3] INFO  com.elyxor.xeros.ldcs.dai.DaiPort - Started listening on port /dev/ttyUSB0
18-06-2014 16:09:55 [Thread-3] INFO  c.elyxor.xeros.ldcs.dai.PortManager - Found existing DAI with ID str1 on port/dev/ttyUSB0
18-06-2014 16:10:31 [Thread-1] INFO  c.e.xeros.ldcs.util.FileLogWriter - Wrote log to file Std-str1Log.txt
18-06-2014 16:10:31 [Thread-1] INFO  com.elyxor.xeros.ldcs.dai.DaiPort - Wrote log to file
18-06-2014 16:15:32 [Thread-1] INFO  c.elyxor.xeros.ldcs.CommandListener - Listening to command line inputs
18-06-2014 16:15:32 [main] INFO  c.e.xeros.ldcs.AppConfiguration - loading config from [ldcs.properties]
18-06-2014 16:15:32 [main] WARN  c.e.xeros.ldcs.AppConfiguration - [ldcs.properties] not found
18-06-2014 16:15:32 [main] INFO  c.e.xeros.ldcs.AppConfiguration - loading config from [application.properties]
18-06-2014 16:15:32 [main] INFO  org.quartz.impl.StdSchedulerFactory - Using default implementation for ThreadExecutor
18-06-2014 16:15:32 [main] INFO  o.quartz.core.SchedulerSignalerImpl - Initialized Scheduler Signaller of type: class org.quartz.core.SchedulerSignalerImpl
18-06-2014 16:15:32 [main] INFO  org.quartz.core.QuartzScheduler - Quartz Scheduler v.2.2.1 created.
18-06-2014 16:15:32 [main] INFO  org.quartz.simpl.RAMJobStore - RAMJobStore initialized.
18-06-2014 16:15:32 [main] INFO  org.quartz.core.QuartzScheduler - Scheduler meta-data: Quartz Scheduler (v2.2.1) 'ldcsScheduler' with instanceId 'NON_CLUSTERED'
  Scheduler class: 'org.quartz.core.QuartzScheduler' - running locally.
  NOT STARTED.
  Currently in standby mode.
  Number of jobs executed: 0
  Using thread pool 'org.quartz.simpl.SimpleThreadPool' - with 3 threads.
  Using job-store 'org.quartz.simpl.RAMJobStore' - which does not support persistence. and is not clustered.

18-06-2014 16:15:32 [main] INFO  org.quartz.impl.StdSchedulerFactory - Quartz scheduler 'ldcsScheduler' initialized from default resource file in Quartz package: 'quartz.properties'
18-06-2014 16:15:32 [main] INFO  org.quartz.impl.StdSchedulerFactory - Quartz scheduler version: 2.2.1
18-06-2014 16:15:32 [main] WARN  c.elyxor.xeros.ldcs.dai.PortManager - could not start scheduler
java.lang.NullPointerException: null
	at com.elyxor.xeros.ldcs.dai.PortManager.startScheduler(PortManager.java:174) ~[classes/:na]
	at com.elyxor.xeros.ldcs.CommandListener.main(CommandListener.java:28) [classes/:na]
18-06-2014 16:15:32 [main] INFO  c.elyxor.xeros.ldcs.dai.PortManager - Started watching ports for changes
18-06-2014 16:15:37 [Thread-3] INFO  com.elyxor.xeros.ldcs.dai.DaiPort - Started listening on port /dev/ttyUSB0
18-06-2014 16:15:42 [Thread-3] INFO  c.elyxor.xeros.ldcs.dai.PortManager - Found existing DAI with ID str1 on port/dev/ttyUSB0
18-06-2014 16:16:05 [Thread-1] INFO  c.e.xeros.ldcs.util.FileLogWriter - Wrote log to file Std-str1Log.txt
18-06-2014 16:16:05 [Thread-1] INFO  com.elyxor.xeros.ldcs.dai.DaiPort - Wrote log to file
18-06-2014 16:16:38 [Thread-1] INFO  c.e.xeros.ldcs.util.FileLogWriter - Wrote log to file Std-str1Log.txt
18-06-2014 16:16:38 [Thread-1] INFO  com.elyxor.xeros.ldcs.dai.DaiPort - Wrote log to file
18-06-2014 16:17:12 [Thread-1] INFO  c.e.xeros.ldcs.util.FileLogWriter - Wrote log to file -str1Log.txt
18-06-2014 16:17:12 [Thread-1] INFO  com.elyxor.xeros.ldcs.dai.DaiPort - Wrote log to file
18-06-2014 16:17:17 [Thread-1] INFO  c.e.xeros.ldcs.util.FileLogWriter - Wrote log to file -str1Log.txt
18-06-2014 16:17:17 [Thread-1] INFO  com.elyxor.xeros.ldcs.dai.DaiPort - Wrote log to file
18-06-2014 16:17:24 [Thread-1] INFO  c.e.xeros.ldcs.util.FileLogWriter - Wrote log to file -str1Log.txt
18-06-2014 16:17:24 [Thread-1] INFO  com.elyxor.xeros.ldcs.dai.DaiPort - Wrote log to file
18-06-2014 16:18:11 [Thread-1] INFO  c.e.xeros.ldcs.util.FileLogWriter - Wrote log to file -str1Log.txt
18-06-2014 16:18:11 [Thread-1] INFO  com.elyxor.xeros.ldcs.dai.DaiPort - Wrote log to file
18-06-2014 16:19:08 [Thread-1] INFO  c.e.xeros.ldcs.util.FileLogWriter - Wrote log to file -str1Log.txt
18-06-2014 16:19:08 [Thread-1] INFO  com.elyxor.xeros.ldcs.dai.DaiPort - Wrote log to file
18-06-2014 16:19:13 [Thread-1] INFO  c.e.xeros.ldcs.util.FileLogWriter - Wrote log to file -str1Log.txt
18-06-2014 16:19:13 [Thread-1] INFO  com.elyxor.xeros.ldcs.dai.DaiPort - Wrote log to file
18-06-2014 16:19:18 [Thread-1] INFO  c.e.xeros.ldcs.util.FileLogWriter - Wrote log to file -str1Log.txt
18-06-2014 16:19:18 [Thread-1] INFO  com.elyxor.xeros.ldcs.dai.DaiPort - Wrote log to file
18-06-2014 16:19:28 [Thread-1] INFO  c.e.xeros.ldcs.util.FileLogWriter - Wrote log to file -str1Log.txt
18-06-2014 16:19:28 [Thread-1] INFO  com.elyxor.xeros.ldcs.dai.DaiPort - Wrote log to file
18-06-2014 16:20:46 [Thread-1] INFO  c.elyxor.xeros.ldcs.CommandListener - Listening to command line inputs
18-06-2014 16:20:46 [main] INFO  c.e.xeros.ldcs.AppConfiguration - loading config from [ldcs.properties]
18-06-2014 16:20:46 [main] WARN  c.e.xeros.ldcs.AppConfiguration - [ldcs.properties] not found
18-06-2014 16:20:46 [main] INFO  c.e.xeros.ldcs.AppConfiguration - loading config from [application.properties]
18-06-2014 16:20:46 [main] INFO  org.quartz.impl.StdSchedulerFactory - Using default implementation for ThreadExecutor
18-06-2014 16:20:46 [main] INFO  o.quartz.core.SchedulerSignalerImpl - Initialized Scheduler Signaller of type: class org.quartz.core.SchedulerSignalerImpl
18-06-2014 16:20:46 [main] INFO  org.quartz.core.QuartzScheduler - Quartz Scheduler v.2.2.1 created.
18-06-2014 16:20:46 [main] INFO  org.quartz.simpl.RAMJobStore - RAMJobStore initialized.
18-06-2014 16:20:46 [main] INFO  org.quartz.core.QuartzScheduler - Scheduler meta-data: Quartz Scheduler (v2.2.1) 'ldcsScheduler' with instanceId 'NON_CLUSTERED'
  Scheduler class: 'org.quartz.core.QuartzScheduler' - running locally.
  NOT STARTED.
  Currently in standby mode.
  Number of jobs executed: 0
  Using thread pool 'org.quartz.simpl.SimpleThreadPool' - with 3 threads.
  Using job-store 'org.quartz.simpl.RAMJobStore' - which does not support persistence. and is not clustered.

18-06-2014 16:20:46 [main] INFO  org.quartz.impl.StdSchedulerFactory - Quartz scheduler 'ldcsScheduler' initialized from default resource file in Quartz package: 'quartz.properties'
18-06-2014 16:20:46 [main] INFO  org.quartz.impl.StdSchedulerFactory - Quartz scheduler version: 2.2.1
18-06-2014 16:20:46 [main] WARN  c.elyxor.xeros.ldcs.dai.PortManager - could not start scheduler
java.lang.NullPointerException: null
	at com.elyxor.xeros.ldcs.dai.PortManager.startScheduler(PortManager.java:174) ~[classes/:na]
	at com.elyxor.xeros.ldcs.CommandListener.main(CommandListener.java:28) [classes/:na]
18-06-2014 16:20:46 [main] INFO  c.elyxor.xeros.ldcs.dai.PortManager - Started watching ports for changes
18-06-2014 16:20:51 [Thread-3] INFO  com.elyxor.xeros.ldcs.dai.DaiPort - Started listening on port /dev/ttyUSB0
18-06-2014 16:21:24 [Thread-1] WARN  c.elyxor.xeros.ldcs.CommandListener - Received empty command. Nothing to do
18-06-2014 16:21:26 [Thread-1] INFO  c.elyxor.xeros.ldcs.CommandListener - Listening to command line inputs
18-06-2014 16:21:26 [main] INFO  c.e.xeros.ldcs.AppConfiguration - loading config from [ldcs.properties]
18-06-2014 16:21:26 [main] WARN  c.e.xeros.ldcs.AppConfiguration - [ldcs.properties] not found
18-06-2014 16:21:26 [main] INFO  c.e.xeros.ldcs.AppConfiguration - loading config from [application.properties]
18-06-2014 16:21:26 [main] INFO  org.quartz.impl.StdSchedulerFactory - Using default implementation for ThreadExecutor
18-06-2014 16:21:26 [main] INFO  o.quartz.core.SchedulerSignalerImpl - Initialized Scheduler Signaller of type: class org.quartz.core.SchedulerSignalerImpl
18-06-2014 16:21:26 [main] INFO  org.quartz.core.QuartzScheduler - Quartz Scheduler v.2.2.1 created.
18-06-2014 16:21:26 [main] INFO  org.quartz.simpl.RAMJobStore - RAMJobStore initialized.
18-06-2014 16:21:26 [main] INFO  org.quartz.core.QuartzScheduler - Scheduler meta-data: Quartz Scheduler (v2.2.1) 'ldcsScheduler' with instanceId 'NON_CLUSTERED'
  Scheduler class: 'org.quartz.core.QuartzScheduler' - running locally.
  NOT STARTED.
  Currently in standby mode.
  Number of jobs executed: 0
  Using thread pool 'org.quartz.simpl.SimpleThreadPool' - with 3 threads.
  Using job-store 'org.quartz.simpl.RAMJobStore' - which does not support persistence. and is not clustered.

18-06-2014 16:21:26 [main] INFO  org.quartz.impl.StdSchedulerFactory - Quartz scheduler 'ldcsScheduler' initialized from default resource file in Quartz package: 'quartz.properties'
18-06-2014 16:21:26 [main] INFO  org.quartz.impl.StdSchedulerFactory - Quartz scheduler version: 2.2.1
18-06-2014 16:21:26 [main] WARN  c.elyxor.xeros.ldcs.dai.PortManager - could not start scheduler
java.lang.NullPointerException: null
	at com.elyxor.xeros.ldcs.dai.PortManager.startScheduler(PortManager.java:174) ~[classes/:na]
	at com.elyxor.xeros.ldcs.CommandListener.main(CommandListener.java:28) [classes/:na]
18-06-2014 16:21:26 [main] INFO  c.elyxor.xeros.ldcs.dai.PortManager - Started watching ports for changes
18-06-2014 16:21:26 [Thread-3] WARN  com.elyxor.xeros.ldcs.dai.DaiPort - Could not open port
jssc.SerialPortException: Port name - /dev/ttyUSB0; Method name - openPort(); Exception type - Port busy.
	at jssc.SerialPort.openPort(SerialPort.java:164) ~[jssc-2.8.0.jar:na]
	at com.elyxor.xeros.ldcs.dai.DaiPort.openPort(DaiPort.java:53) ~[classes/:na]
	at com.elyxor.xeros.ldcs.dai.PortManager.portAdded(PortManager.java:67) [classes/:na]
	at com.elyxor.xeros.ldcs.dai.PortFinder.run(PortFinder.java:34) [classes/:na]
	at java.lang.Thread.run(Thread.java:745) [na:1.8.0_05]
18-06-2014 16:21:44 [Thread-1] INFO  c.elyxor.xeros.ldcs.CommandListener - Listening to command line inputs
18-06-2014 16:21:44 [main] INFO  c.e.xeros.ldcs.AppConfiguration - loading config from [ldcs.properties]
18-06-2014 16:21:44 [main] WARN  c.e.xeros.ldcs.AppConfiguration - [ldcs.properties] not found
18-06-2014 16:21:44 [main] INFO  c.e.xeros.ldcs.AppConfiguration - loading config from [application.properties]
18-06-2014 16:21:45 [main] INFO  org.quartz.impl.StdSchedulerFactory - Using default implementation for ThreadExecutor
18-06-2014 16:21:45 [main] INFO  o.quartz.core.SchedulerSignalerImpl - Initialized Scheduler Signaller of type: class org.quartz.core.SchedulerSignalerImpl
18-06-2014 16:21:45 [main] INFO  org.quartz.core.QuartzScheduler - Quartz Scheduler v.2.2.1 created.
18-06-2014 16:21:45 [main] INFO  org.quartz.simpl.RAMJobStore - RAMJobStore initialized.
18-06-2014 16:21:45 [main] INFO  org.quartz.core.QuartzScheduler - Scheduler meta-data: Quartz Scheduler (v2.2.1) 'ldcsScheduler' with instanceId 'NON_CLUSTERED'
  Scheduler class: 'org.quartz.core.QuartzScheduler' - running locally.
  NOT STARTED.
  Currently in standby mode.
  Number of jobs executed: 0
  Using thread pool 'org.quartz.simpl.SimpleThreadPool' - with 3 threads.
  Using job-store 'org.quartz.simpl.RAMJobStore' - which does not support persistence. and is not clustered.

18-06-2014 16:21:45 [main] INFO  org.quartz.impl.StdSchedulerFactory - Quartz scheduler 'ldcsScheduler' initialized from default resource file in Quartz package: 'quartz.properties'
18-06-2014 16:21:45 [main] INFO  org.quartz.impl.StdSchedulerFactory - Quartz scheduler version: 2.2.1
18-06-2014 16:21:45 [main] WARN  c.elyxor.xeros.ldcs.dai.PortManager - could not start scheduler
java.lang.NullPointerException: null
	at com.elyxor.xeros.ldcs.dai.PortManager.startScheduler(PortManager.java:174) ~[classes/:na]
	at com.elyxor.xeros.ldcs.CommandListener.main(CommandListener.java:28) [classes/:na]
18-06-2014 16:21:45 [main] INFO  c.elyxor.xeros.ldcs.dai.PortManager - Started watching ports for changes
18-06-2014 16:21:50 [Thread-3] INFO  com.elyxor.xeros.ldcs.dai.DaiPort - Started listening on port /dev/ttyUSB0
18-06-2014 16:21:59 [Thread-3] INFO  c.elyxor.xeros.ldcs.dai.PortManager - Assigned DAI ID str1 to port /dev/ttyUSB0
18-06-2014 16:22:39 [Thread-1] INFO  c.e.xeros.ldcs.util.FileLogWriter - Wrote log to file -str1Log.txt
18-06-2014 16:22:39 [Thread-1] INFO  com.elyxor.xeros.ldcs.dai.DaiPort - Wrote log to file
18-06-2014 16:22:52 [Thread-1] INFO  c.e.xeros.ldcs.util.FileLogWriter - Wrote log to file -str1Log.txt
18-06-2014 16:22:52 [Thread-1] INFO  com.elyxor.xeros.ldcs.dai.DaiPort - Wrote log to file
18-06-2014 16:22:59 [Thread-1] INFO  c.e.xeros.ldcs.util.FileLogWriter - Wrote log to file -str1Log.txt
18-06-2014 16:22:59 [Thread-1] INFO  com.elyxor.xeros.ldcs.dai.DaiPort - Wrote log to file
18-06-2014 16:30:27 [Thread-1] INFO  c.e.xeros.ldcs.util.FileLogWriter - Wrote log to file Std-str1Log.txt
18-06-2014 16:30:27 [Thread-1] INFO  com.elyxor.xeros.ldcs.dai.DaiPort - Wrote log to file
18-06-2014 16:30:59 [Thread-1] INFO  c.e.xeros.ldcs.util.FileLogWriter - Wrote log to file -str1Log.txt
18-06-2014 16:30:59 [Thread-1] INFO  com.elyxor.xeros.ldcs.dai.DaiPort - Wrote log to file
18-06-2014 16:31:05 [Thread-1] INFO  c.e.xeros.ldcs.util.FileLogWriter - Wrote log to file Std-str1Log.txt
18-06-2014 16:31:05 [Thread-1] INFO  com.elyxor.xeros.ldcs.dai.DaiPort - Wrote log to file
18-06-2014 16:31:17 [Thread-1] INFO  c.e.xeros.ldcs.util.FileLogWriter - Wrote log to file Std-str1Log.txt
18-06-2014 16:31:17 [Thread-1] INFO  com.elyxor.xeros.ldcs.dai.DaiPort - Wrote log to file
18-06-2014 16:31:38 [Thread-1] INFO  c.e.xeros.ldcs.util.FileLogWriter - Wrote log to file Xeros-str1Log.txt
18-06-2014 16:31:38 [Thread-1] INFO  com.elyxor.xeros.ldcs.dai.DaiPort - Wrote log to file
18-06-2014 16:32:25 [Thread-1] INFO  c.e.xeros.ldcs.util.FileLogWriter - Wrote log to file Std-str1Log.txt
18-06-2014 16:32:25 [Thread-1] INFO  com.elyxor.xeros.ldcs.dai.DaiPort - Wrote log to file
18-06-2014 16:34:11 [Thread-1] INFO  c.e.xeros.ldcs.util.FileLogWriter - Wrote log to file -str1Log.txt
18-06-2014 16:34:11 [Thread-1] INFO  com.elyxor.xeros.ldcs.dai.DaiPort - Wrote log to file
18-06-2014 16:34:15 [Thread-1] INFO  c.e.xeros.ldcs.util.FileLogWriter - Wrote log to file -str1Log.txt
18-06-2014 16:34:15 [Thread-1] INFO  com.elyxor.xeros.ldcs.dai.DaiPort - Wrote log to file
18-06-2014 16:34:20 [Thread-1] INFO  c.e.xeros.ldcs.util.FileLogWriter - Wrote log to file -str1Log.txt
18-06-2014 16:34:20 [Thread-1] INFO  com.elyxor.xeros.ldcs.dai.DaiPort - Wrote log to file
18-06-2014 16:34:29 [Thread-1] INFO  c.e.xeros.ldcs.util.FileLogWriter - Wrote log to file -str1Log.txt
18-06-2014 16:34:29 [Thread-1] INFO  com.elyxor.xeros.ldcs.dai.DaiPort - Wrote log to file
18-06-2014 16:34:42 [Thread-1] INFO  c.e.xeros.ldcs.util.FileLogWriter - Wrote log to file -str1Log.txt
18-06-2014 16:34:42 [Thread-1] INFO  com.elyxor.xeros.ldcs.dai.DaiPort - Wrote log to file
18-06-2014 16:34:58 [Thread-1] INFO  c.e.xeros.ldcs.util.FileLogWriter - Wrote log to file Xeros-str1Log.txt
18-06-2014 16:34:58 [Thread-1] INFO  com.elyxor.xeros.ldcs.dai.DaiPort - Wrote log to file
18-06-2014 16:35:39 [Thread-1] INFO  c.e.xeros.ldcs.util.FileLogWriter - Wrote log to file Xeros-str1Log.txt
18-06-2014 16:35:39 [Thread-1] INFO  com.elyxor.xeros.ldcs.dai.DaiPort - Wrote log to file
18-06-2014 16:36:06 [Thread-1] INFO  c.e.xeros.ldcs.util.FileLogWriter - Wrote log to file Xeros-str1Log.txt
18-06-2014 16:36:06 [Thread-1] INFO  com.elyxor.xeros.ldcs.dai.DaiPort - Wrote log to file
18-06-2014 16:37:31 [Thread-1] INFO  c.elyxor.xeros.ldcs.CommandListener - Listening to command line inputs
18-06-2014 16:37:31 [main] INFO  c.e.xeros.ldcs.AppConfiguration - loading config from [ldcs.properties]
18-06-2014 16:37:31 [main] WARN  c.e.xeros.ldcs.AppConfiguration - [ldcs.properties] not found
18-06-2014 16:37:31 [main] INFO  c.e.xeros.ldcs.AppConfiguration - loading config from [application.properties]
18-06-2014 16:37:31 [main] INFO  org.quartz.impl.StdSchedulerFactory - Using default implementation for ThreadExecutor
18-06-2014 16:37:31 [main] INFO  o.quartz.core.SchedulerSignalerImpl - Initialized Scheduler Signaller of type: class org.quartz.core.SchedulerSignalerImpl
18-06-2014 16:37:31 [main] INFO  org.quartz.core.QuartzScheduler - Quartz Scheduler v.2.2.1 created.
18-06-2014 16:37:31 [main] INFO  org.quartz.simpl.RAMJobStore - RAMJobStore initialized.
18-06-2014 16:37:31 [main] INFO  org.quartz.core.QuartzScheduler - Scheduler meta-data: Quartz Scheduler (v2.2.1) 'ldcsScheduler' with instanceId 'NON_CLUSTERED'
  Scheduler class: 'org.quartz.core.QuartzScheduler' - running locally.
  NOT STARTED.
  Currently in standby mode.
  Number of jobs executed: 0
  Using thread pool 'org.quartz.simpl.SimpleThreadPool' - with 3 threads.
  Using job-store 'org.quartz.simpl.RAMJobStore' - which does not support persistence. and is not clustered.

18-06-2014 16:37:31 [main] INFO  org.quartz.impl.StdSchedulerFactory - Quartz scheduler 'ldcsScheduler' initialized from default resource file in Quartz package: 'quartz.properties'
18-06-2014 16:37:31 [main] INFO  org.quartz.impl.StdSchedulerFactory - Quartz scheduler version: 2.2.1
18-06-2014 16:37:31 [main] INFO  org.quartz.core.QuartzScheduler - Scheduler ldcsScheduler_$_NON_CLUSTERED started.
18-06-2014 16:37:31 [main] INFO  c.elyxor.xeros.ldcs.dai.PortManager - Started watching ports for changes
18-06-2014 16:37:36 [Thread-3] INFO  com.elyxor.xeros.ldcs.dai.DaiPort - Started listening on port /dev/ttyUSB0
18-06-2014 16:37:41 [Thread-3] INFO  c.elyxor.xeros.ldcs.dai.PortManager - Found existing DAI with ID str1 on port/dev/ttyUSB0
18-06-2014 16:38:45 [Thread-1] INFO  c.elyxor.xeros.ldcs.CommandListener - Listening to command line inputs
18-06-2014 16:38:45 [main] INFO  c.e.xeros.ldcs.AppConfiguration - loading config from [ldcs.properties]
18-06-2014 16:38:45 [main] WARN  c.e.xeros.ldcs.AppConfiguration - [ldcs.properties] not found
18-06-2014 16:38:45 [main] INFO  c.e.xeros.ldcs.AppConfiguration - loading config from [application.properties]
18-06-2014 16:38:46 [main] INFO  org.quartz.impl.StdSchedulerFactory - Using default implementation for ThreadExecutor
18-06-2014 16:38:46 [main] INFO  o.quartz.core.SchedulerSignalerImpl - Initialized Scheduler Signaller of type: class org.quartz.core.SchedulerSignalerImpl
18-06-2014 16:38:46 [main] INFO  org.quartz.core.QuartzScheduler - Quartz Scheduler v.2.2.1 created.
18-06-2014 16:38:46 [main] INFO  org.quartz.simpl.RAMJobStore - RAMJobStore initialized.
18-06-2014 16:38:46 [main] INFO  org.quartz.core.QuartzScheduler - Scheduler meta-data: Quartz Scheduler (v2.2.1) 'ldcsScheduler' with instanceId 'NON_CLUSTERED'
  Scheduler class: 'org.quartz.core.QuartzScheduler' - running locally.
  NOT STARTED.
  Currently in standby mode.
  Number of jobs executed: 0
  Using thread pool 'org.quartz.simpl.SimpleThreadPool' - with 3 threads.
  Using job-store 'org.quartz.simpl.RAMJobStore' - which does not support persistence. and is not clustered.

18-06-2014 16:38:46 [main] INFO  org.quartz.impl.StdSchedulerFactory - Quartz scheduler 'ldcsScheduler' initialized from default resource file in Quartz package: 'quartz.properties'
18-06-2014 16:38:46 [main] INFO  org.quartz.impl.StdSchedulerFactory - Quartz scheduler version: 2.2.1
18-06-2014 16:38:46 [main] INFO  org.quartz.core.QuartzScheduler - Scheduler ldcsScheduler_$_NON_CLUSTERED started.
18-06-2014 16:38:46 [main] INFO  c.elyxor.xeros.ldcs.dai.PortManager - Started watching ports for changes
18-06-2014 16:38:51 [Thread-3] INFO  com.elyxor.xeros.ldcs.dai.DaiPort - Started listening on port /dev/ttyUSB0
18-06-2014 16:38:56 [Thread-3] INFO  c.elyxor.xeros.ldcs.dai.PortManager - Found existing DAI with ID str1 on port/dev/ttyUSB0
18-06-2014 16:39:51 [Thread-1] INFO  c.e.xeros.ldcs.util.FileLogWriter - Wrote log to file -str1Log.txt
18-06-2014 16:39:51 [Thread-1] INFO  com.elyxor.xeros.ldcs.dai.DaiPort - Wrote log to file
18-06-2014 16:39:56 [Thread-1] INFO  c.e.xeros.ldcs.util.FileLogWriter - Wrote log to file -str1Log.txt
18-06-2014 16:39:56 [Thread-1] INFO  com.elyxor.xeros.ldcs.dai.DaiPort - Wrote log to file
18-06-2014 16:41:06 [Thread-1] WARN  com.elyxor.xeros.ldcs.dai.DaiPort - Couldn't complete send water request. 
java.lang.IllegalMonitorStateException: null
	at java.lang.Object.wait(Native Method) ~[na:1.8.0_05]
	at com.elyxor.xeros.ldcs.dai.DaiPort.sendWaterRequest(DaiPort.java:149) ~[classes/:na]
	at com.elyxor.xeros.ldcs.CommandListener.readWaterMeter(CommandListener.java:144) [classes/:na]
	at com.elyxor.xeros.ldcs.CommandListener.processCommand(CommandListener.java:211) [classes/:na]
	at com.elyxor.xeros.ldcs.CommandListener.run(CommandListener.java:55) [classes/:na]
	at java.lang.Thread.run(Thread.java:745) [na:1.8.0_05]
18-06-2014 16:44:44 [Thread-1] INFO  c.elyxor.xeros.ldcs.CommandListener - Listening to command line inputs
18-06-2014 16:44:44 [main] INFO  c.e.xeros.ldcs.AppConfiguration - loading config from [ldcs.properties]
18-06-2014 16:44:44 [main] WARN  c.e.xeros.ldcs.AppConfiguration - [ldcs.properties] not found
18-06-2014 16:44:44 [main] INFO  c.e.xeros.ldcs.AppConfiguration - loading config from [application.properties]
18-06-2014 16:44:44 [main] INFO  org.quartz.impl.StdSchedulerFactory - Using default implementation for ThreadExecutor
18-06-2014 16:44:44 [main] INFO  o.quartz.core.SchedulerSignalerImpl - Initialized Scheduler Signaller of type: class org.quartz.core.SchedulerSignalerImpl
18-06-2014 16:44:44 [main] INFO  org.quartz.core.QuartzScheduler - Quartz Scheduler v.2.2.1 created.
18-06-2014 16:44:44 [main] INFO  org.quartz.simpl.RAMJobStore - RAMJobStore initialized.
18-06-2014 16:44:44 [main] INFO  org.quartz.core.QuartzScheduler - Scheduler meta-data: Quartz Scheduler (v2.2.1) 'ldcsScheduler' with instanceId 'NON_CLUSTERED'
  Scheduler class: 'org.quartz.core.QuartzScheduler' - running locally.
  NOT STARTED.
  Currently in standby mode.
  Number of jobs executed: 0
  Using thread pool 'org.quartz.simpl.SimpleThreadPool' - with 3 threads.
  Using job-store 'org.quartz.simpl.RAMJobStore' - which does not support persistence. and is not clustered.

18-06-2014 16:44:44 [main] INFO  org.quartz.impl.StdSchedulerFactory - Quartz scheduler 'ldcsScheduler' initialized from default resource file in Quartz package: 'quartz.properties'
18-06-2014 16:44:44 [main] INFO  org.quartz.impl.StdSchedulerFactory - Quartz scheduler version: 2.2.1
18-06-2014 16:44:44 [main] INFO  org.quartz.core.QuartzScheduler - Scheduler ldcsScheduler_$_NON_CLUSTERED started.
18-06-2014 16:44:44 [main] INFO  c.elyxor.xeros.ldcs.dai.PortManager - Started watching ports for changes
18-06-2014 16:44:49 [Thread-3] INFO  com.elyxor.xeros.ldcs.dai.DaiPort - Started listening on port /dev/ttyUSB0
18-06-2014 16:44:54 [Thread-3] INFO  c.elyxor.xeros.ldcs.dai.PortManager - Found existing DAI with ID str1 on port/dev/ttyUSB0
18-06-2014 16:45:47 [Thread-1] WARN  c.elyxor.xeros.ldcs.CommandListener - Received empty command. Nothing to do
18-06-2014 16:46:35 [Thread-1] INFO  c.e.xeros.ldcs.util.FileLogWriter - Wrote log to file Std-str1Log.txt
18-06-2014 16:46:35 [Thread-1] INFO  com.elyxor.xeros.ldcs.dai.DaiPort - Wrote log to file
18-06-2014 16:46:42 [Thread-1] INFO  c.e.xeros.ldcs.util.FileLogWriter - Wrote log to file -str1Log.txt
18-06-2014 16:46:42 [Thread-1] INFO  com.elyxor.xeros.ldcs.dai.DaiPort - Wrote log to file
18-06-2014 16:46:46 [Thread-1] INFO  c.e.xeros.ldcs.util.FileLogWriter - Wrote log to file -str1Log.txt
18-06-2014 16:46:46 [Thread-1] INFO  com.elyxor.xeros.ldcs.dai.DaiPort - Wrote log to file
18-06-2014 16:46:50 [Thread-1] INFO  c.e.xeros.ldcs.util.FileLogWriter - Wrote log to file -str1Log.txt
18-06-2014 16:46:50 [Thread-1] INFO  com.elyxor.xeros.ldcs.dai.DaiPort - Wrote log to file
18-06-2014 16:47:19 [Thread-1] INFO  c.e.xeros.ldcs.util.FileLogWriter - Wrote log to file Xeros-str1Log.txt
18-06-2014 16:47:19 [Thread-1] INFO  com.elyxor.xeros.ldcs.dai.DaiPort - Wrote log to file
18-06-2014 17:11:58 [Thread-1] INFO  c.elyxor.xeros.ldcs.CommandListener - Listening to command line inputs
18-06-2014 17:11:58 [main] INFO  c.e.xeros.ldcs.AppConfiguration - loading config from [ldcs.properties]
18-06-2014 17:11:58 [main] WARN  c.e.xeros.ldcs.AppConfiguration - [ldcs.properties] not found
18-06-2014 17:11:58 [main] INFO  c.e.xeros.ldcs.AppConfiguration - loading config from [application.properties]
18-06-2014 17:11:58 [main] INFO  org.quartz.impl.StdSchedulerFactory - Using default implementation for ThreadExecutor
18-06-2014 17:11:58 [main] INFO  o.quartz.core.SchedulerSignalerImpl - Initialized Scheduler Signaller of type: class org.quartz.core.SchedulerSignalerImpl
18-06-2014 17:11:58 [main] INFO  org.quartz.core.QuartzScheduler - Quartz Scheduler v.2.2.1 created.
18-06-2014 17:11:58 [main] INFO  org.quartz.simpl.RAMJobStore - RAMJobStore initialized.
18-06-2014 17:11:58 [main] INFO  org.quartz.core.QuartzScheduler - Scheduler meta-data: Quartz Scheduler (v2.2.1) 'ldcsScheduler' with instanceId 'NON_CLUSTERED'
  Scheduler class: 'org.quartz.core.QuartzScheduler' - running locally.
  NOT STARTED.
  Currently in standby mode.
  Number of jobs executed: 0
  Using thread pool 'org.quartz.simpl.SimpleThreadPool' - with 3 threads.
  Using job-store 'org.quartz.simpl.RAMJobStore' - which does not support persistence. and is not clustered.

18-06-2014 17:11:58 [main] INFO  org.quartz.impl.StdSchedulerFactory - Quartz scheduler 'ldcsScheduler' initialized from default resource file in Quartz package: 'quartz.properties'
18-06-2014 17:11:58 [main] INFO  org.quartz.impl.StdSchedulerFactory - Quartz scheduler version: 2.2.1
18-06-2014 17:11:58 [main] INFO  org.quartz.core.QuartzScheduler - Scheduler ldcsScheduler_$_NON_CLUSTERED started.
18-06-2014 17:11:58 [main] INFO  c.elyxor.xeros.ldcs.dai.PortManager - Started watching ports for changes
18-06-2014 17:12:03 [Thread-3] INFO  com.elyxor.xeros.ldcs.dai.DaiPort - Started listening on port /dev/ttyUSB0
18-06-2014 17:12:17 [Thread-3] INFO  c.elyxor.xeros.ldcs.dai.PortManager - Found existing DAI with ID str1 on port/dev/ttyUSB0
