29-05-2014 14:20:30 [main] INFO  c.e.xeros.ldcs.AppConfiguration - loading config from [ldcs.properties]
29-05-2014 14:20:30 [main] WARN  c.e.xeros.ldcs.AppConfiguration - properties loaded from [ldcs.properties]
29-05-2014 14:20:30 [main] INFO  com.elyxor.xeros.ldcs.FileWatcher - Starting LDCS
29-05-2014 14:20:30 [main] INFO  com.elyxor.xeros.ldcs.FileWatcher - watching files in /home/will/ldcs/input
29-05-2014 14:21:58 [Thread-1] INFO  c.elyxor.xeros.ldcs.CommandListener - Listening to command line inputs
29-05-2014 14:33:30 [Thread-1] INFO  c.elyxor.xeros.ldcs.CommandListener - Listening to command line inputs
29-05-2014 14:33:33 [Thread-1] WARN  c.elyxor.xeros.ldcs.CommandListener - Received empty command. Nothing to do
29-05-2014 14:33:33 [Thread-1] WARN  c.elyxor.xeros.ldcs.CommandListener - Received empty command. Nothing to do
29-05-2014 14:35:18 [Thread-1] INFO  c.elyxor.xeros.ldcs.CommandListener - Listening to command line inputs
29-05-2014 14:35:18 [main] INFO  c.e.xeros.ldcs.AppConfiguration - loading config from [ldcs.properties]
29-05-2014 14:35:18 [main] WARN  c.e.xeros.ldcs.AppConfiguration - [ldcs.properties] not found
29-05-2014 14:35:18 [main] INFO  c.e.xeros.ldcs.AppConfiguration - loading config from [application.properties]
29-05-2014 14:35:34 [Thread-1] WARN  c.elyxor.xeros.ldcs.CommandListener - Received empty command. Nothing to do
29-05-2014 14:38:38 [Thread-1] INFO  c.elyxor.xeros.ldcs.CommandListener - Listening to command line inputs
29-05-2014 14:38:38 [main] INFO  c.e.xeros.ldcs.AppConfiguration - loading config from [ldcs.properties]
29-05-2014 14:38:38 [main] WARN  c.e.xeros.ldcs.AppConfiguration - [ldcs.properties] not found
29-05-2014 14:38:38 [main] INFO  c.e.xeros.ldcs.AppConfiguration - loading config from [application.properties]
29-05-2014 14:40:58 [Thread-1] WARN  c.elyxor.xeros.ldcs.CommandListener - Received empty command. Nothing to do
29-05-2014 14:41:04 [Thread-1] INFO  c.elyxor.xeros.ldcs.CommandListener - Listening to command line inputs
29-05-2014 14:41:04 [main] INFO  c.e.xeros.ldcs.AppConfiguration - loading config from [ldcs.properties]
29-05-2014 14:41:04 [main] WARN  c.e.xeros.ldcs.AppConfiguration - [ldcs.properties] not found
29-05-2014 14:41:04 [main] INFO  c.e.xeros.ldcs.AppConfiguration - loading config from [application.properties]
29-05-2014 14:41:04 [main] INFO  c.elyxor.xeros.ldcs.dai.PortManager - Started watching ports for changes
29-05-2014 14:41:22 [Thread-2] INFO  com.elyxor.xeros.ldcs.dai.DaiPort - Started listening on port /dev/ttyACM0
29-05-2014 14:41:22 [Thread-2] WARN  com.elyxor.xeros.ldcs.dai.DaiPort - Could not open port
jssc.SerialPortException: Port name - /dev/ttyACM0; Method name - openPort(); Exception type - Port busy.
	at jssc.SerialPort.openPort(SerialPort.java:164) ~[jssc-2.8.0.jar:na]
	at com.elyxor.xeros.ldcs.dai.DaiPort.openPort(DaiPort.java:75) ~[classes/:na]
	at com.elyxor.xeros.ldcs.dai.PortManager.portAdded(PortManager.java:43) [classes/:na]
	at com.elyxor.xeros.ldcs.dai.PortFinder.run(PortFinder.java:30) [classes/:na]
	at java.lang.Thread.run(Thread.java:745) [na:1.8.0_05]
29-05-2014 14:41:29 [Thread-2] WARN  com.elyxor.xeros.ldcs.dai.DaiPort - Failed to close port /dev/ttyACM0
29-05-2014 14:41:43 [Thread-1] WARN  c.elyxor.xeros.ldcs.CommandListener - Received empty command. Nothing to do
